#
# There is insufficient memory for the Java Runtime Environment to continue.
# Native memory allocation (malloc) failed to allocate 1094032 bytes. Error detail: Chunk::new
# Possible reasons:
#   The system is out of physical RAM or swap space
#   This process is running with CompressedOops enabled, and the Java Heap may be blocking the growth of the native heap
# Possible solutions:
#   Reduce memory load on the system
#   Increase physical memory or swap space
#   Check if swap backing store is full
#   Decrease Java heap size (-Xmx/-Xms)
#   Decrease number of Java threads
#   Decrease Java thread stack sizes (-Xss)
#   Set larger code cache with -XX:ReservedCodeCacheSize=
#   JVM is running with Zero Based Compressed Oops mode in which the Java heap is
#     placed in the first 32GB address space. The Java Heap base address is the
#     maximum limit for the native heap growth. Please use -XX:HeapBaseMinAddress
#     to set the Java Heap base and to place the Java Heap above 32GB virtual address.
# This output file may be truncated or incomplete.
#
#  Out of Memory Error (arena.cpp:168), pid=12816, tid=17012
#
# JRE version: OpenJDK Runtime Environment (21.0.8) (build 21.0.8+-14196175-b1038.72)
# Java VM: OpenJDK 64-Bit Server VM (21.0.8+-14196175-b1038.72, mixed mode, tiered, compressed oops, compressed class ptrs, g1 gc, windows-amd64)
# No core dump will be written. Minidumps are not enabled by default on client versions of Windows
#

---------------  S U M M A R Y ------------

Command Line: --add-opens=java.base/java.lang=ALL-UNNAMED --add-opens=java.base/java.lang.invoke=ALL-UNNAMED --add-opens=java.base/java.util=ALL-UNNAMED --add-opens=java.prefs/java.util.prefs=ALL-UNNAMED --add-exports=jdk.compiler/com.sun.tools.javac.api=ALL-UNNAMED --add-exports=jdk.compiler/com.sun.tools.javac.util=ALL-UNNAMED --add-opens=java.base/java.util=ALL-UNNAMED --add-opens=java.prefs/java.util.prefs=ALL-UNNAMED --add-opens=java.base/java.nio.charset=ALL-UNNAMED --add-opens=java.base/java.net=ALL-UNNAMED --add-opens=java.base/java.util.concurrent.atomic=ALL-UNNAMED --add-opens=java.xml/javax.xml.namespace=ALL-UNNAMED -XX:MaxMetaspaceSize=4G -XX:ReservedCodeCacheSize=512m -XX:+HeapDumpOnOutOfMemoryError -Xmx8G -Dfile.encoding=UTF-8 -Duser.country=SA -Duser.language=ar -Duser.variant -javaagent:C:\Users\HP\.gradle\wrapper\dists\gradle-8.14-all\c2qonpi39x1mddn7hk5gh9iqj\gradle-8.14\lib\agents\gradle-instrumentation-agent-8.14.jar org.gradle.launcher.daemon.bootstrap.GradleDaemon 8.14

Host: AMD Ryzen 5 3450U with Radeon Vega Mobile Gfx  , 8 cores, 5G,  Windows 11 , 64 bit Build 26100 (10.0.26100.8328)
Time: Mon Jun 15 10:35:51 2026 elapsed time: 52.211115 seconds (0d 0h 0m 52s)

---------------  T H R E A D  ---------------

Current thread (0x00000203b30617b0):  JavaThread "C2 CompilerThread2" daemon [_thread_in_native, id=17012, stack(0x0000006dde700000,0x0000006dde800000) (1024K)]


Current CompileTask:
C2:52211 14613   !   4       org.jetbrains.kotlin.metadata.ProtoBuf$Function::<init> (1410 bytes)

Stack: [0x0000006dde700000,0x0000006dde800000]
Native frames: (J=compiled Java code, j=interpreted, Vv=VM code, C=native code)
V  [jvm.dll+0x6d68d9]
V  [jvm.dll+0x866693]
V  [jvm.dll+0x868c4e]
V  [jvm.dll+0x869333]
V  [jvm.dll+0x280566]
V  [jvm.dll+0xc07cd]
V  [jvm.dll+0xc0d03]
V  [jvm.dll+0x3b961b]
V  [jvm.dll+0x1dfb24]
V  [jvm.dll+0x2493a4]
V  [jvm.dll+0x248821]
V  [jvm.dll+0x1c73a4]
V  [jvm.dll+0x257f9e]
V  [jvm.dll+0x2564e6]
V  [jvm.dll+0x3f4696]
V  [jvm.dll+0x80eac8]
V  [jvm.dll+0x6d512d]
C  [ucrtbase.dll+0x37b0]
C  [KERNEL32.DLL+0x2e957]
C  [ntdll.dll+0x427c]


---------------  P R O C E S S  ---------------

Threads class SMR info:
_java_thread_list=0x00000203b6bf45f0, length=111, elements={
0x00000203fbb9b830, 0x00000203b0087800, 0x00000203b00c5b80, 0x00000203b00c65e0,
0x00000203b00941b0, 0x00000203b00ad690, 0x00000203b00ae0f0, 0x00000203b00b3aa0,
0x00000203b00cbba0, 0x00000203b00d0f20, 0x00000203b03f4aa0, 0x00000203b03f5130,
0x00000203b03f3d80, 0x00000203b03f57c0, 0x00000203b03f64e0, 0x00000203b03f6b70,
0x00000203b03f4410, 0x00000203b1e113a0, 0x00000203b1e0ec40, 0x00000203b1e0f2d0,
0x00000203b1e0f960, 0x00000203b1e0fff0, 0x00000203b1e10680, 0x00000203b1e0e5b0,
0x00000203b1e0df20, 0x00000203b1e13470, 0x00000203b1e13b00, 0x00000203b1e12750,
0x00000203b1e11a30, 0x00000203b1e15540, 0x00000203b03f7200, 0x00000203b49e1200,
0x00000203b49deaa0, 0x00000203b49e2c40, 0x00000203b49df7c0, 0x00000203b49e53a0,
0x00000203b49e5a30, 0x00000203b49e4680, 0x00000203b49e3ff0, 0x00000203b49e32d0,
0x00000203b49e4d10, 0x00000203b49e60c0, 0x00000203b49e3960, 0x00000203b21e3e30,
0x00000203b21e09b0, 0x00000203b21e23f0, 0x00000203b21e2a80, 0x00000203b21e3110,
0x00000203b21e16d0, 0x00000203b21e1040, 0x00000203b21e1d60, 0x00000203b21e37a0,
0x00000203b38ad990, 0x00000203b38ae020, 0x00000203b38abf50, 0x00000203b38b0780,
0x00000203b38b2ee0, 0x00000203b5e8a830, 0x00000203b5e8aec0, 0x00000203b5e89480,
0x00000203b5e88df0, 0x00000203b5e8a1a0, 0x00000203b5e87a40, 0x00000203b5e8b550,
0x00000203b5e880d0, 0x00000203b5e8bbe0, 0x00000203b5e88760, 0x00000203b5e8c270,
0x00000203b5e8c900, 0x00000203b5e8cf90, 0x00000203b5e89b10, 0x00000203b5e8d620,
0x00000203b5e8e9d0, 0x00000203b5e8dcb0, 0x00000203b5e8e340, 0x00000203b5e8f060,
0x00000203b47e3b80, 0x00000203b47e4210, 0x00000203b47e34f0, 0x00000203b47e7000,
0x00000203b47e6970, 0x00000203b47e7d20, 0x00000203b47e4f30, 0x00000203b47e48a0,
0x00000203b47e62e0, 0x00000203b47e83b0, 0x00000203b47e7690, 0x00000203b47e8a40,
0x00000203b47e5c50, 0x00000203b47e90d0, 0x00000203b47e9760, 0x00000203b47e9df0,
0x00000203b47ea480, 0x00000203b47eab10, 0x00000203b4b35000, 0x00000203b4b35690,
0x00000203b4b32f30, 0x00000203b4b342e0, 0x00000203b4b34970, 0x00000203b4b35d20,
0x00000203b4b328a0, 0x00000203b4b363b0, 0x00000203b4b36a40, 0x00000203b4b335c0,
0x00000203b4b38480, 0x00000203b4b391a0, 0x00000203b4b39830, 0x00000203b4b38b10,
0x00000203b4b370d0, 0x00000203b305fc70, 0x00000203b30617b0
}

Java Threads: ( => current thread )
  0x00000203fbb9b830 JavaThread "main"                              [_thread_blocked, id=7564, stack(0x0000006dd6700000,0x0000006dd6800000) (1024K)]
  0x00000203b0087800 JavaThread "Common-Cleaner"             daemon [_thread_blocked, id=10956, stack(0x0000006dd6f00000,0x0000006dd7000000) (1024K)]
  0x00000203b00c5b80 JavaThread "Reference Handler"          daemon [_thread_blocked, id=11792, stack(0x0000006dd7000000,0x0000006dd7100000) (1024K)]
  0x00000203b00c65e0 JavaThread "Finalizer"                  daemon [_thread_blocked, id=8324, stack(0x0000006dd7100000,0x0000006dd7200000) (1024K)]
  0x00000203b00941b0 JavaThread "Signal Dispatcher"          daemon [_thread_blocked, id=8316, stack(0x0000006dd7200000,0x0000006dd7300000) (1024K)]
  0x00000203b00ad690 JavaThread "Attach Listener"            daemon [_thread_blocked, id=1512, stack(0x0000006dd7300000,0x0000006dd7400000) (1024K)]
  0x00000203b00ae0f0 JavaThread "Service Thread"             daemon [_thread_blocked, id=18136, stack(0x0000006dd7400000,0x0000006dd7500000) (1024K)]
  0x00000203b00b3aa0 JavaThread "Monitor Deflation Thread"   daemon [_thread_blocked, id=2548, stack(0x0000006dd7500000,0x0000006dd7600000) (1024K)]
  0x00000203b00cbba0 JavaThread "C2 CompilerThread0"         daemon [_thread_blocked, id=17404, stack(0x0000006dd7600000,0x0000006dd7700000) (1024K)]
  0x00000203b00d0f20 JavaThread "C1 CompilerThread0"         daemon [_thread_blocked, id=11104, stack(0x0000006dd7700000,0x0000006dd7800000) (1024K)]
  0x00000203b03f4aa0 JavaThread "Notification Thread"        daemon [_thread_blocked, id=10128, stack(0x0000006dd7800000,0x0000006dd7900000) (1024K)]
  0x00000203b03f5130 JavaThread "Daemon health stats"               [_thread_blocked, id=6260, stack(0x0000006dd7f00000,0x0000006dd8000000) (1024K)]
  0x00000203b03f3d80 JavaThread "Incoming local TCP Connector on port 12860"        [_thread_in_native, id=10324, stack(0x0000006dd8000000,0x0000006dd8100000) (1024K)]
  0x00000203b03f57c0 JavaThread "Daemon periodic checks"            [_thread_blocked, id=14848, stack(0x0000006dd8100000,0x0000006dd8200000) (1024K)]
  0x00000203b03f64e0 JavaThread "Daemon"                            [_thread_blocked, id=7724, stack(0x0000006dd8200000,0x0000006dd8300000) (1024K)]
  0x00000203b03f6b70 JavaThread "Handler for socket connection from /127.0.0.1:12860 to /127.0.0.1:12861"        [_thread_in_native, id=6952, stack(0x0000006dd8300000,0x0000006dd8400000) (1024K)]
  0x00000203b03f4410 JavaThread "Cancel handler"                    [_thread_blocked, id=9692, stack(0x0000006dd8400000,0x0000006dd8500000) (1024K)]
  0x00000203b1e113a0 JavaThread "Daemon worker"                     [_thread_in_Java, id=16016, stack(0x0000006dd8500000,0x0000006dd8600000) (1024K)]
  0x00000203b1e0ec40 JavaThread "Asynchronous log dispatcher for DefaultDaemonConnection: socket connection from /127.0.0.1:12860 to /127.0.0.1:12861"        [_thread_blocked, id=8716, stack(0x0000006dd8600000,0x0000006dd8700000) (1024K)]
  0x00000203b1e0f2d0 JavaThread "Stdin handler"                     [_thread_blocked, id=16436, stack(0x0000006dd8700000,0x0000006dd8800000) (1024K)]
  0x00000203b1e0f960 JavaThread "Daemon client event forwarder"        [_thread_blocked, id=1136, stack(0x0000006dd8800000,0x0000006dd8900000) (1024K)]
  0x00000203b1e0fff0 JavaThread "Cache worker for journal cache (C:\Users\HP\.gradle\caches\journal-1)"        [_thread_blocked, id=15892, stack(0x0000006dd7e00000,0x0000006dd7f00000) (1024K)]
  0x00000203b1e10680 JavaThread "File lock request listener"        [_thread_in_native, id=14940, stack(0x0000006dd8c00000,0x0000006dd8d00000) (1024K)]
  0x00000203b1e0e5b0 JavaThread "Cache worker for file hash cache (C:\Users\HP\.gradle\caches\8.14\fileHashes)"        [_thread_blocked, id=9424, stack(0x0000006dd8d00000,0x0000006dd8e00000) (1024K)]
  0x00000203b1e0df20 JavaThread "Cache worker for file hash cache (C:\Users\HP\StudioProjects\Assignment4_Firebase\android\.gradle\8.14\fileHashes)"        [_thread_blocked, id=10584, stack(0x0000006dd9000000,0x0000006dd9100000) (1024K)]
  0x00000203b1e13470 JavaThread "Cache worker for Build Output Cleanup Cache (C:\Users\HP\StudioProjects\Assignment4_Firebase\android\.gradle\buildOutputCleanup)"        [_thread_blocked, id=14464, stack(0x0000006dd9100000,0x0000006dd9200000) (1024K)]
  0x00000203b1e13b00 JavaThread "File watcher server"        daemon [_thread_in_native, id=15648, stack(0x0000006dd9200000,0x0000006dd9300000) (1024K)]
  0x00000203b1e12750 JavaThread "File watcher consumer"      daemon [_thread_blocked, id=17728, stack(0x0000006dd9300000,0x0000006dd9400000) (1024K)]
  0x00000203b1e11a30 JavaThread "Cache worker for checksums cache (C:\Users\HP\StudioProjects\Assignment4_Firebase\android\.gradle\8.14\checksums)"        [_thread_blocked, id=11196, stack(0x0000006dd8e00000,0x0000006dd8f00000) (1024K)]
  0x00000203b1e15540 JavaThread "Cache worker for file content cache (C:\Users\HP\.gradle\caches\8.14\fileContent)"        [_thread_blocked, id=3508, stack(0x0000006dd8f00000,0x0000006dd9000000) (1024K)]
  0x00000203b03f7200 JavaThread "Cache worker for cache directory md-supplier (C:\Users\HP\.gradle\caches\8.14\md-supplier)"        [_thread_blocked, id=4444, stack(0x0000006dd9500000,0x0000006dd9600000) (1024K)]
  0x00000203b49e1200 JavaThread "Cache worker for cache directory md-rule (C:\Users\HP\.gradle\caches\8.14\md-rule)"        [_thread_blocked, id=4568, stack(0x0000006dd9600000,0x0000006dd9700000) (1024K)]
  0x00000203b49deaa0 JavaThread "Cache worker for Build Output Cleanup Cache (C:\flutter\packages\flutter_tools\gradle\.gradle\buildOutputCleanup)"        [_thread_blocked, id=12984, stack(0x0000006dd9800000,0x0000006dd9900000) (1024K)]
  0x00000203b49e2c40 JavaThread "Unconstrained build operations"        [_thread_blocked, id=16572, stack(0x0000006dd9a00000,0x0000006dd9b00000) (1024K)]
  0x00000203b49df7c0 JavaThread "Unconstrained build operations Thread 2"        [_thread_blocked, id=4788, stack(0x0000006dd9b00000,0x0000006dd9c00000) (1024K)]
  0x00000203b49e53a0 JavaThread "Unconstrained build operations Thread 3"        [_thread_blocked, id=17280, stack(0x0000006dd9c00000,0x0000006dd9d00000) (1024K)]
  0x00000203b49e5a30 JavaThread "Unconstrained build operations Thread 4"        [_thread_blocked, id=11836, stack(0x0000006dd9d00000,0x0000006dd9e00000) (1024K)]
  0x00000203b49e4680 JavaThread "Unconstrained build operations Thread 5"        [_thread_blocked, id=18064, stack(0x0000006dd9e00000,0x0000006dd9f00000) (1024K)]
  0x00000203b49e3ff0 JavaThread "Unconstrained build operations Thread 6"        [_thread_blocked, id=13380, stack(0x0000006dd9f00000,0x0000006dda000000) (1024K)]
  0x00000203b49e32d0 JavaThread "Unconstrained build operations Thread 7"        [_thread_blocked, id=3328, stack(0x0000006dda000000,0x0000006dda100000) (1024K)]
  0x00000203b49e4d10 JavaThread "Unconstrained build operations Thread 8"        [_thread_blocked, id=10968, stack(0x0000006dda100000,0x0000006dda200000) (1024K)]
  0x00000203b49e60c0 JavaThread "Unconstrained build operations Thread 9"        [_thread_blocked, id=8728, stack(0x0000006dda200000,0x0000006dda300000) (1024K)]
  0x00000203b49e3960 JavaThread "Unconstrained build operations Thread 10"        [_thread_blocked, id=6444, stack(0x0000006dda300000,0x0000006dda400000) (1024K)]
  0x00000203b21e3e30 JavaThread "Unconstrained build operations Thread 11"        [_thread_blocked, id=13404, stack(0x0000006dda400000,0x0000006dda500000) (1024K)]
  0x00000203b21e09b0 JavaThread "Unconstrained build operations Thread 12"        [_thread_blocked, id=5896, stack(0x0000006dda500000,0x0000006dda600000) (1024K)]
  0x00000203b21e23f0 JavaThread "Unconstrained build operations Thread 13"        [_thread_blocked, id=18060, stack(0x0000006dda600000,0x0000006dda700000) (1024K)]
  0x00000203b21e2a80 JavaThread "Unconstrained build operations Thread 14"        [_thread_blocked, id=9980, stack(0x0000006dda700000,0x0000006dda800000) (1024K)]
  0x00000203b21e3110 JavaThread "Unconstrained build operations Thread 15"        [_thread_blocked, id=15488, stack(0x0000006dd9400000,0x0000006dd9500000) (1024K)]
  0x00000203b21e16d0 JavaThread "Unconstrained build operations Thread 16"        [_thread_blocked, id=16880, stack(0x0000006dd9700000,0x0000006dd9800000) (1024K)]
  0x00000203b21e1040 JavaThread "Unconstrained build operations Thread 17"        [_thread_blocked, id=3784, stack(0x0000006dda800000,0x0000006dda900000) (1024K)]
  0x00000203b21e1d60 JavaThread "Unconstrained build operations Thread 18"        [_thread_blocked, id=15432, stack(0x0000006dda900000,0x0000006ddaa00000) (1024K)]
  0x00000203b21e37a0 JavaThread "Unconstrained build operations Thread 19"        [_thread_blocked, id=16376, stack(0x0000006ddaa00000,0x0000006ddab00000) (1024K)]
  0x00000203b38ad990 JavaThread "Unconstrained build operations Thread 20"        [_thread_blocked, id=9496, stack(0x0000006ddab00000,0x0000006ddac00000) (1024K)]
  0x00000203b38ae020 JavaThread "Unconstrained build operations Thread 21"        [_thread_blocked, id=14072, stack(0x0000006ddac00000,0x0000006ddad00000) (1024K)]
  0x00000203b38abf50 JavaThread "Memory manager"                    [_thread_blocked, id=7016, stack(0x0000006ddae00000,0x0000006ddaf00000) (1024K)]
  0x00000203b38b0780 JavaThread "build event listener"              [_thread_blocked, id=292, stack(0x0000006ddaf00000,0x0000006ddb000000) (1024K)]
  0x00000203b38b2ee0 JavaThread "included builds"                   [_thread_blocked, id=12512, stack(0x0000006ddb000000,0x0000006ddb100000) (1024K)]
  0x00000203b5e8a830 JavaThread "Execution worker"                  [_thread_blocked, id=11912, stack(0x0000006ddb100000,0x0000006ddb200000) (1024K)]
  0x00000203b5e8aec0 JavaThread "Execution worker Thread 2"         [_thread_blocked, id=14096, stack(0x0000006ddb200000,0x0000006ddb300000) (1024K)]
  0x00000203b5e89480 JavaThread "Execution worker Thread 3"         [_thread_blocked, id=4892, stack(0x0000006ddb300000,0x0000006ddb400000) (1024K)]
  0x00000203b5e88df0 JavaThread "Execution worker Thread 4"         [_thread_blocked, id=11844, stack(0x0000006ddb400000,0x0000006ddb500000) (1024K)]
  0x00000203b5e8a1a0 JavaThread "Execution worker Thread 5"         [_thread_blocked, id=18112, stack(0x0000006ddb500000,0x0000006ddb600000) (1024K)]
  0x00000203b5e87a40 JavaThread "Execution worker Thread 6"         [_thread_blocked, id=8308, stack(0x0000006ddb600000,0x0000006ddb700000) (1024K)]
  0x00000203b5e8b550 JavaThread "Execution worker Thread 7"         [_thread_blocked, id=10144, stack(0x0000006ddb700000,0x0000006ddb800000) (1024K)]
  0x00000203b5e880d0 JavaThread "Cache worker for execution history cache (C:\flutter\packages\flutter_tools\gradle\.gradle\8.14\executionHistory)"        [_thread_blocked, id=15028, stack(0x0000006ddb800000,0x0000006ddb900000) (1024K)]
  0x00000203b5e8bbe0 JavaThread "Unconstrained build operations Thread 22"        [_thread_blocked, id=9796, stack(0x0000006ddb900000,0x0000006ddba00000) (1024K)]
  0x00000203b5e88760 JavaThread "Unconstrained build operations Thread 23"        [_thread_blocked, id=17448, stack(0x0000006ddba00000,0x0000006ddbb00000) (1024K)]
  0x00000203b5e8c270 JavaThread "Unconstrained build operations Thread 24"        [_thread_blocked, id=7048, stack(0x0000006ddbb00000,0x0000006ddbc00000) (1024K)]
  0x00000203b5e8c900 JavaThread "Unconstrained build operations Thread 25"        [_thread_blocked, id=9228, stack(0x0000006ddbc00000,0x0000006ddbd00000) (1024K)]
  0x00000203b5e8cf90 JavaThread "Unconstrained build operations Thread 26"        [_thread_blocked, id=14956, stack(0x0000006ddbd00000,0x0000006ddbe00000) (1024K)]
  0x00000203b5e89b10 JavaThread "Unconstrained build operations Thread 27"        [_thread_blocked, id=15036, stack(0x0000006ddbe00000,0x0000006ddbf00000) (1024K)]
  0x00000203b5e8d620 JavaThread "Unconstrained build operations Thread 28"        [_thread_blocked, id=10260, stack(0x0000006ddbf00000,0x0000006ddc000000) (1024K)]
  0x00000203b5e8e9d0 JavaThread "Unconstrained build operations Thread 29"        [_thread_blocked, id=17092, stack(0x0000006ddc000000,0x0000006ddc100000) (1024K)]
  0x00000203b5e8dcb0 JavaThread "Unconstrained build operations Thread 30"        [_thread_blocked, id=16280, stack(0x0000006ddc100000,0x0000006ddc200000) (1024K)]
  0x00000203b5e8e340 JavaThread "Unconstrained build operations Thread 31"        [_thread_blocked, id=1180, stack(0x0000006ddc200000,0x0000006ddc300000) (1024K)]
  0x00000203b5e8f060 JavaThread "Unconstrained build operations Thread 32"        [_thread_blocked, id=12796, stack(0x0000006ddc300000,0x0000006ddc400000) (1024K)]
  0x00000203b47e3b80 JavaThread "Unconstrained build operations Thread 33"        [_thread_blocked, id=15376, stack(0x0000006ddc400000,0x0000006ddc500000) (1024K)]
  0x00000203b47e4210 JavaThread "Unconstrained build operations Thread 34"        [_thread_blocked, id=14664, stack(0x0000006ddc500000,0x0000006ddc600000) (1024K)]
  0x00000203b47e34f0 JavaThread "Unconstrained build operations Thread 35"        [_thread_blocked, id=2636, stack(0x0000006ddc600000,0x0000006ddc700000) (1024K)]
  0x00000203b47e7000 JavaThread "Unconstrained build operations Thread 36"        [_thread_blocked, id=5616, stack(0x0000006ddc700000,0x0000006ddc800000) (1024K)]
  0x00000203b47e6970 JavaThread "Unconstrained build operations Thread 37"        [_thread_blocked, id=9856, stack(0x0000006ddc800000,0x0000006ddc900000) (1024K)]
  0x00000203b47e7d20 JavaThread "Unconstrained build operations Thread 38"        [_thread_blocked, id=16728, stack(0x0000006ddc900000,0x0000006ddca00000) (1024K)]
  0x00000203b47e4f30 JavaThread "Unconstrained build operations Thread 39"        [_thread_blocked, id=14132, stack(0x0000006ddca00000,0x0000006ddcb00000) (1024K)]
  0x00000203b47e48a0 JavaThread "Unconstrained build operations Thread 40"        [_thread_blocked, id=5388, stack(0x0000006ddcb00000,0x0000006ddcc00000) (1024K)]
  0x00000203b47e62e0 JavaThread "Unconstrained build operations Thread 41"        [_thread_blocked, id=7308, stack(0x0000006ddcc00000,0x0000006ddcd00000) (1024K)]
  0x00000203b47e83b0 JavaThread "Unconstrained build operations Thread 42"        [_thread_blocked, id=9152, stack(0x0000006ddcd00000,0x0000006ddce00000) (1024K)]
  0x00000203b47e7690 JavaThread "Unconstrained build operations Thread 43"        [_thread_blocked, id=3596, stack(0x0000006ddce00000,0x0000006ddcf00000) (1024K)]
  0x00000203b47e8a40 JavaThread "Unconstrained build operations Thread 44"        [_thread_blocked, id=9636, stack(0x0000006ddcf00000,0x0000006ddd000000) (1024K)]
  0x00000203b47e5c50 JavaThread "Unconstrained build operations Thread 45"        [_thread_blocked, id=17140, stack(0x0000006ddd000000,0x0000006ddd100000) (1024K)]
  0x00000203b47e90d0 JavaThread "Unconstrained build operations Thread 46"        [_thread_blocked, id=12408, stack(0x0000006ddd100000,0x0000006ddd200000) (1024K)]
  0x00000203b47e9760 JavaThread "Unconstrained build operations Thread 47"        [_thread_blocked, id=17064, stack(0x0000006ddd200000,0x0000006ddd300000) (1024K)]
  0x00000203b47e9df0 JavaThread "Unconstrained build operations Thread 48"        [_thread_blocked, id=2592, stack(0x0000006ddd300000,0x0000006ddd400000) (1024K)]
  0x00000203b47ea480 JavaThread "Unconstrained build operations Thread 49"        [_thread_blocked, id=14560, stack(0x0000006ddd400000,0x0000006ddd500000) (1024K)]
  0x00000203b47eab10 JavaThread "Unconstrained build operations Thread 50"        [_thread_blocked, id=15976, stack(0x0000006ddd500000,0x0000006ddd600000) (1024K)]
  0x00000203b4b35000 JavaThread "Unconstrained build operations Thread 51"        [_thread_blocked, id=16268, stack(0x0000006ddd600000,0x0000006ddd700000) (1024K)]
  0x00000203b4b35690 JavaThread "Unconstrained build operations Thread 52"        [_thread_blocked, id=18100, stack(0x0000006ddd700000,0x0000006ddd800000) (1024K)]
  0x00000203b4b32f30 JavaThread "Unconstrained build operations Thread 53"        [_thread_blocked, id=8344, stack(0x0000006ddd800000,0x0000006ddd900000) (1024K)]
  0x00000203b4b342e0 JavaThread "Unconstrained build operations Thread 54"        [_thread_blocked, id=15724, stack(0x0000006ddd900000,0x0000006ddda00000) (1024K)]
  0x00000203b4b34970 JavaThread "Unconstrained build operations Thread 55"        [_thread_blocked, id=1700, stack(0x0000006ddda00000,0x0000006dddb00000) (1024K)]
  0x00000203b4b35d20 JavaThread "Unconstrained build operations Thread 56"        [_thread_blocked, id=7412, stack(0x0000006dddb00000,0x0000006dddc00000) (1024K)]
  0x00000203b4b328a0 JavaThread "Unconstrained build operations Thread 57"        [_thread_blocked, id=10040, stack(0x0000006dddc00000,0x0000006dddd00000) (1024K)]
  0x00000203b4b363b0 JavaThread "Unconstrained build operations Thread 58"        [_thread_blocked, id=13324, stack(0x0000006dddd00000,0x0000006ddde00000) (1024K)]
  0x00000203b4b36a40 JavaThread "Unconstrained build operations Thread 59"        [_thread_blocked, id=15972, stack(0x0000006ddde00000,0x0000006dddf00000) (1024K)]
  0x00000203b4b335c0 JavaThread "Unconstrained build operations Thread 60"        [_thread_blocked, id=14648, stack(0x0000006dddf00000,0x0000006dde000000) (1024K)]
  0x00000203b4b38480 JavaThread "Unconstrained build operations Thread 61"        [_thread_blocked, id=13352, stack(0x0000006dde000000,0x0000006dde100000) (1024K)]
  0x00000203b4b391a0 JavaThread "Unconstrained build operations Thread 62"        [_thread_blocked, id=5356, stack(0x0000006dde100000,0x0000006dde200000) (1024K)]
  0x00000203b4b39830 JavaThread "Unconstrained build operations Thread 63"        [_thread_blocked, id=9624, stack(0x0000006dde200000,0x0000006dde300000) (1024K)]
  0x00000203b4b38b10 JavaThread "Unconstrained build operations Thread 64"        [_thread_blocked, id=7388, stack(0x0000006dde300000,0x0000006dde400000) (1024K)]
  0x00000203b4b370d0 JavaThread "Unconstrained build operations Thread 65"        [_thread_blocked, id=2744, stack(0x0000006dde400000,0x0000006dde500000) (1024K)]
  0x00000203b305fc70 JavaThread "C2 CompilerThread1"         daemon [_thread_in_native, id=2796, stack(0x0000006dde600000,0x0000006dde700000) (1024K)]
=>0x00000203b30617b0 JavaThread "C2 CompilerThread2"         daemon [_thread_in_native, id=17012, stack(0x0000006dde700000,0x0000006dde800000) (1024K)]
Total: 111

Other Threads:
  0x00000203b000b790 VMThread "VM Thread"                           [id=12388, stack(0x0000006dd6e00000,0x0000006dd6f00000) (1024K)]
  0x00000203ff3d17f0 WatcherThread "VM Periodic Task Thread"        [id=2328, stack(0x0000006dd6d00000,0x0000006dd6e00000) (1024K)]
  0x00000203fbc44330 WorkerThread "GC Thread#0"                     [id=9832, stack(0x0000006dd6800000,0x0000006dd6900000) (1024K)]
  0x00000203b04b1c50 WorkerThread "GC Thread#1"                     [id=10016, stack(0x0000006dd7a00000,0x0000006dd7b00000) (1024K)]
  0x00000203b04c1b00 WorkerThread "GC Thread#2"                     [id=18428, stack(0x0000006dd7b00000,0x0000006dd7c00000) (1024K)]
  0x00000203b0a4acc0 WorkerThread "GC Thread#3"                     [id=14584, stack(0x0000006dd7c00000,0x0000006dd7d00000) (1024K)]
  0x00000203b10533d0 WorkerThread "GC Thread#4"                     [id=16340, stack(0x0000006dd7d00000,0x0000006dd7e00000) (1024K)]
  0x00000203b1a652f0 WorkerThread "GC Thread#5"                     [id=13872, stack(0x0000006dd7900000,0x0000006dd7a00000) (1024K)]
  0x00000203b1d88860 WorkerThread "GC Thread#6"                     [id=5644, stack(0x0000006dd8900000,0x0000006dd8a00000) (1024K)]
  0x00000203b1d88c00 WorkerThread "GC Thread#7"                     [id=13516, stack(0x0000006dd8a00000,0x0000006dd8b00000) (1024K)]
  0x00000203fbc4e040 ConcurrentGCThread "G1 Main Marker"            [id=12096, stack(0x0000006dd6900000,0x0000006dd6a00000) (1024K)]
  0x00000203fbc4ea50 WorkerThread "G1 Conc#0"                       [id=10736, stack(0x0000006dd6a00000,0x0000006dd6b00000) (1024K)]
  0x00000203b1d884c0 WorkerThread "G1 Conc#1"                       [id=12116, stack(0x0000006dd8b00000,0x0000006dd8c00000) (1024K)]
  0x00000203ff29e240 ConcurrentGCThread "G1 Refine#0"               [id=1660, stack(0x0000006dd6b00000,0x0000006dd6c00000) (1024K)]
  0x00000203ff29ecc0 ConcurrentGCThread "G1 Service"                [id=7664, stack(0x0000006dd6c00000,0x0000006dd6d00000) (1024K)]
Total: 15

Threads with active compile tasks:
C1 CompilerThread0  52281 14790       3       org.jetbrains.kotlin.serialization.deserialization.descriptors.DeserializedMemberScope$OptimizedImplementation::getContributedFunctions (48 bytes)
C2 CompilerThread1  52281 14584       4       org.jetbrains.kotlin.cli.jvm.index.JvmDependenciesIndexImpl::search (374 bytes)
C2 CompilerThread2  52282 14613   !   4       org.jetbrains.kotlin.metadata.ProtoBuf$Function::<init> (1410 bytes)
Total: 3

VM state: not at safepoint (normal execution)

VM Mutex/Monitor currently owned by a thread: None

Heap address: 0x0000000600000000, size: 8192 MB, Compressed Oops mode: Zero based, Oop shift amount: 3

CDS archive(s) not mapped
Compressed class space mapped at: 0x0000000800000000-0x0000000840000000, reserved size: 1073741824
Narrow klass base: 0x0000000800000000, Narrow klass shift: 0, Narrow klass range: 0x40000000

GC Precious Log:
 CardTable entry size: 512
 Card Set container configuration: InlinePtr #cards 4 size 8 Array Of Cards #cards 32 size 80 Howl #buckets 8 coarsen threshold 7372 Howl Bitmap #cards 1024 size 144 coarsen threshold 921 Card regions per heap region 1 cards per card region 8192
 CPUs: 8 total, 8 available
 Memory: 6057M
 Large Page Support: Disabled
 NUMA Support: Disabled
 Compressed Oops: Enabled (Zero based)
 Heap Region Size: 4M
 Heap Min Capacity: 8M
 Heap Initial Capacity: 96M
 Heap Max Capacity: 8G
 Pre-touch: Disabled
 Parallel Workers: 8
 Concurrent Workers: 2
 Concurrent Refinement Workers: 8
 Periodic GC: Disabled

Heap:
 garbage-first heap   total 282624K, used 189998K [0x0000000600000000, 0x0000000800000000)
  region size 4096K, 22 young (90112K), 3 survivors (12288K)
 Metaspace       used 135115K, committed 137408K, reserved 1179648K
  class space    used 18821K, committed 19904K, reserved 1048576K

Heap Regions: E=young(eden), S=young(survivor), O=old, HS=humongous(starts), HC=humongous(continues), CS=collection set, F=free, TAMS=top-at-mark-start, PB=parsable bottom
|   0|0x0000000600000000, 0x0000000600400000, 0x0000000600400000|100%|HS|  |TAMS 0x0000000600000000| PB 0x0000000600000000| Complete 
|   1|0x0000000600400000, 0x0000000600800000, 0x0000000600800000|100%| O|  |TAMS 0x0000000600400000| PB 0x0000000600400000| Untracked 
|   2|0x0000000600800000, 0x0000000600c00000, 0x0000000600c00000|100%| O|  |TAMS 0x0000000600800000| PB 0x0000000600800000| Untracked 
|   3|0x0000000600c00000, 0x0000000601000000, 0x0000000601000000|100%| O|  |TAMS 0x0000000600c00000| PB 0x0000000600c00000| Untracked 
|   4|0x0000000601000000, 0x0000000601400000, 0x0000000601400000|100%| O|  |TAMS 0x0000000601000000| PB 0x0000000601000000| Untracked 
|   5|0x0000000601400000, 0x0000000601800000, 0x0000000601800000|100%| O|  |TAMS 0x0000000601400000| PB 0x0000000601400000| Untracked 
|   6|0x0000000601800000, 0x0000000601c00000, 0x0000000601c00000|100%| O|  |TAMS 0x0000000601800000| PB 0x0000000601800000| Untracked 
|   7|0x0000000601c00000, 0x0000000602000000, 0x0000000602000000|100%| O|  |TAMS 0x0000000601c00000| PB 0x0000000601c00000| Untracked 
|   8|0x0000000602000000, 0x0000000602400000, 0x0000000602400000|100%| O|  |TAMS 0x0000000602000000| PB 0x0000000602000000| Untracked 
|   9|0x0000000602400000, 0x0000000602800000, 0x0000000602800000|100%| O|  |TAMS 0x0000000602400000| PB 0x0000000602400000| Untracked 
|  10|0x0000000602800000, 0x0000000602c00000, 0x0000000602c00000|100%|HS|  |TAMS 0x0000000602800000| PB 0x0000000602800000| Complete 
|  11|0x0000000602c00000, 0x0000000603000000, 0x0000000603000000|100%| O|  |TAMS 0x0000000602c00000| PB 0x0000000602c00000| Untracked 
|  12|0x0000000603000000, 0x0000000603400000, 0x0000000603400000|100%| O|  |TAMS 0x0000000603000000| PB 0x0000000603000000| Untracked 
|  13|0x0000000603400000, 0x0000000603800000, 0x0000000603800000|100%| O|  |TAMS 0x0000000603400000| PB 0x0000000603400000| Untracked 
|  14|0x0000000603800000, 0x0000000603c00000, 0x0000000603c00000|100%|HS|  |TAMS 0x0000000603800000| PB 0x0000000603800000| Complete 
|  15|0x0000000603c00000, 0x0000000604000000, 0x0000000604000000|100%| O|  |TAMS 0x0000000603c00000| PB 0x0000000603c00000| Untracked 
|  16|0x0000000604000000, 0x0000000604400000, 0x0000000604400000|100%| O|  |TAMS 0x0000000604000000| PB 0x0000000604000000| Untracked 
|  17|0x0000000604400000, 0x0000000604800000, 0x0000000604800000|100%| O|  |TAMS 0x0000000604400000| PB 0x0000000604400000| Untracked 
|  18|0x0000000604800000, 0x0000000604c00000, 0x0000000604c00000|100%| O|  |TAMS 0x0000000604800000| PB 0x0000000604800000| Untracked 
|  19|0x0000000604c00000, 0x0000000605000000, 0x0000000605000000|100%| O|  |TAMS 0x0000000604c00000| PB 0x0000000604c00000| Untracked 
|  20|0x0000000605000000, 0x0000000605400000, 0x0000000605400000|100%| O|  |TAMS 0x0000000605000000| PB 0x0000000605000000| Untracked 
|  21|0x0000000605400000, 0x0000000605800000, 0x0000000605800000|100%|HS|  |TAMS 0x0000000605400000| PB 0x0000000605400000| Complete 
|  22|0x0000000605800000, 0x0000000605c00000, 0x0000000605c00000|100%|HC|  |TAMS 0x0000000605800000| PB 0x0000000605800000| Complete 
|  23|0x0000000605c00000, 0x0000000606000000, 0x0000000606000000|100%| O|  |TAMS 0x0000000605c00000| PB 0x0000000605c00000| Untracked 
|  24|0x0000000606000000, 0x0000000606000000, 0x0000000606400000|  0%| F|  |TAMS 0x0000000606000000| PB 0x0000000606000000| Untracked 
|  25|0x0000000606400000, 0x0000000606400000, 0x0000000606800000|  0%| F|  |TAMS 0x0000000606400000| PB 0x0000000606400000| Untracked 
|  26|0x0000000606800000, 0x0000000606800000, 0x0000000606c00000|  0%| F|  |TAMS 0x0000000606800000| PB 0x0000000606800000| Untracked 
|  27|0x0000000606c00000, 0x0000000607000000, 0x0000000607000000|100%| O|  |TAMS 0x0000000606c00000| PB 0x0000000606c00000| Untracked 
|  28|0x0000000607000000, 0x0000000607000000, 0x0000000607400000|  0%| F|  |TAMS 0x0000000607000000| PB 0x0000000607000000| Untracked 
|  29|0x0000000607400000, 0x00000006077fc060, 0x0000000607800000| 99%| S|CS|TAMS 0x0000000607400000| PB 0x0000000607400000| Complete 
|  30|0x0000000607800000, 0x0000000607c00000, 0x0000000607c00000|100%| S|CS|TAMS 0x0000000607800000| PB 0x0000000607800000| Complete 
|  31|0x0000000607c00000, 0x0000000608000000, 0x0000000608000000|100%| S|CS|TAMS 0x0000000607c00000| PB 0x0000000607c00000| Complete 
|  32|0x0000000608000000, 0x0000000608000000, 0x0000000608400000|  0%| F|  |TAMS 0x0000000608000000| PB 0x0000000608000000| Untracked 
|  33|0x0000000608400000, 0x0000000608400000, 0x0000000608800000|  0%| F|  |TAMS 0x0000000608400000| PB 0x0000000608400000| Untracked 
|  34|0x0000000608800000, 0x0000000608800000, 0x0000000608c00000|  0%| F|  |TAMS 0x0000000608800000| PB 0x0000000608800000| Untracked 
|  35|0x0000000608c00000, 0x0000000608c00000, 0x0000000609000000|  0%| F|  |TAMS 0x0000000608c00000| PB 0x0000000608c00000| Untracked 
|  36|0x0000000609000000, 0x0000000609000000, 0x0000000609400000|  0%| F|  |TAMS 0x0000000609000000| PB 0x0000000609000000| Untracked 
|  37|0x0000000609400000, 0x0000000609400000, 0x0000000609800000|  0%| F|  |TAMS 0x0000000609400000| PB 0x0000000609400000| Untracked 
|  38|0x0000000609800000, 0x0000000609800000, 0x0000000609c00000|  0%| F|  |TAMS 0x0000000609800000| PB 0x0000000609800000| Untracked 
|  39|0x0000000609c00000, 0x0000000609c00000, 0x000000060a000000|  0%| F|  |TAMS 0x0000000609c00000| PB 0x0000000609c00000| Untracked 
|  40|0x000000060a000000, 0x000000060a000000, 0x000000060a400000|  0%| F|  |TAMS 0x000000060a000000| PB 0x000000060a000000| Untracked 
|  41|0x000000060a400000, 0x000000060a400000, 0x000000060a800000|  0%| F|  |TAMS 0x000000060a400000| PB 0x000000060a400000| Untracked 
|  42|0x000000060a800000, 0x000000060a800000, 0x000000060ac00000|  0%| F|  |TAMS 0x000000060a800000| PB 0x000000060a800000| Untracked 
|  43|0x000000060ac00000, 0x000000060ac00000, 0x000000060b000000|  0%| F|  |TAMS 0x000000060ac00000| PB 0x000000060ac00000| Untracked 
|  44|0x000000060b000000, 0x000000060b000000, 0x000000060b400000|  0%| F|  |TAMS 0x000000060b000000| PB 0x000000060b000000| Untracked 
|  45|0x000000060b400000, 0x000000060b400000, 0x000000060b800000|  0%| F|  |TAMS 0x000000060b400000| PB 0x000000060b400000| Untracked 
|  46|0x000000060b800000, 0x000000060b800000, 0x000000060bc00000|  0%| F|  |TAMS 0x000000060b800000| PB 0x000000060b800000| Untracked 
|  47|0x000000060bc00000, 0x000000060bc00000, 0x000000060c000000|  0%| F|  |TAMS 0x000000060bc00000| PB 0x000000060bc00000| Untracked 
|  48|0x000000060c000000, 0x000000060c000000, 0x000000060c400000|  0%| F|  |TAMS 0x000000060c000000| PB 0x000000060c000000| Untracked 
|  49|0x000000060c400000, 0x000000060c600000, 0x000000060c800000| 50%| E|  |TAMS 0x000000060c400000| PB 0x000000060c400000| Complete 
|  50|0x000000060c800000, 0x000000060cc00000, 0x000000060cc00000|100%| E|CS|TAMS 0x000000060c800000| PB 0x000000060c800000| Complete 
|  51|0x000000060cc00000, 0x000000060d000000, 0x000000060d000000|100%| E|CS|TAMS 0x000000060cc00000| PB 0x000000060cc00000| Complete 
|  52|0x000000060d000000, 0x000000060d400000, 0x000000060d400000|100%| E|CS|TAMS 0x000000060d000000| PB 0x000000060d000000| Complete 
|  53|0x000000060d400000, 0x000000060d800000, 0x000000060d800000|100%| E|CS|TAMS 0x000000060d400000| PB 0x000000060d400000| Complete 
|  54|0x000000060d800000, 0x000000060dc00000, 0x000000060dc00000|100%| E|CS|TAMS 0x000000060d800000| PB 0x000000060d800000| Complete 
|  55|0x000000060dc00000, 0x000000060e000000, 0x000000060e000000|100%| E|CS|TAMS 0x000000060dc00000| PB 0x000000060dc00000| Complete 
|  56|0x000000060e000000, 0x000000060e400000, 0x000000060e400000|100%| E|CS|TAMS 0x000000060e000000| PB 0x000000060e000000| Complete 
|  57|0x000000060e400000, 0x000000060e800000, 0x000000060e800000|100%| E|CS|TAMS 0x000000060e400000| PB 0x000000060e400000| Complete 
|  58|0x000000060e800000, 0x000000060ec00000, 0x000000060ec00000|100%| E|CS|TAMS 0x000000060e800000| PB 0x000000060e800000| Complete 
|  59|0x000000060ec00000, 0x000000060f000000, 0x000000060f000000|100%| E|CS|TAMS 0x000000060ec00000| PB 0x000000060ec00000| Complete 
|  60|0x000000060f000000, 0x000000060f400000, 0x000000060f400000|100%| E|CS|TAMS 0x000000060f000000| PB 0x000000060f000000| Complete 
|  61|0x000000060f400000, 0x000000060f800000, 0x000000060f800000|100%| E|CS|TAMS 0x000000060f400000| PB 0x000000060f400000| Complete 
|  62|0x000000060f800000, 0x000000060fc00000, 0x000000060fc00000|100%| E|CS|TAMS 0x000000060f800000| PB 0x000000060f800000| Complete 
|  63|0x000000060fc00000, 0x0000000610000000, 0x0000000610000000|100%| E|CS|TAMS 0x000000060fc00000| PB 0x000000060fc00000| Complete 
|  64|0x0000000610000000, 0x0000000610400000, 0x0000000610400000|100%| E|CS|TAMS 0x0000000610000000| PB 0x0000000610000000| Complete 
|  65|0x0000000610400000, 0x0000000610800000, 0x0000000610800000|100%| E|CS|TAMS 0x0000000610400000| PB 0x0000000610400000| Complete 
|  66|0x0000000610800000, 0x0000000610c00000, 0x0000000610c00000|100%| E|CS|TAMS 0x0000000610800000| PB 0x0000000610800000| Complete 
|  67|0x0000000610c00000, 0x0000000611000000, 0x0000000611000000|100%| E|CS|TAMS 0x0000000610c00000| PB 0x0000000610c00000| Complete 
|2047|0x00000007ffc00000, 0x00000007ffd8f9c0, 0x0000000800000000| 39%| O|  |TAMS 0x00000007ffc00000| PB 0x00000007ffc00000| Untracked 

Card table byte_map: [0x00000203a1000000,0x00000203a2000000] _byte_map_base: 0x000002039e000000

Marking Bits: (CMBitMap*) 0x00000203fbc44940
 Bits: [0x00000203a2000000, 0x00000203aa000000)

Polling page: 0x00000203f9950000

Metaspace:

Usage:
  Non-class:    113.61 MB used.
      Class:     18.38 MB used.
       Both:    131.99 MB used.

Virtual space:
  Non-class space:      128.00 MB reserved,     114.75 MB ( 90%) committed,  2 nodes.
      Class space:        1.00 GB reserved,      19.44 MB (  2%) committed,  1 nodes.
             Both:        1.12 GB reserved,     134.19 MB ( 12%) committed. 

Chunk freelists:
   Non-Class:  12.95 MB
       Class:  12.52 MB
        Both:  25.47 MB

MaxMetaspaceSize: 4.00 GB
CompressedClassSpaceSize: 1.00 GB
Initial GC threshold: 21.00 MB
Current GC threshold: 156.50 MB
CDS: off
 - commit_granule_bytes: 65536.
 - commit_granule_words: 8192.
 - virtual_space_node_default_size: 8388608.
 - enlarge_chunks_in_place: 1.
 - use_allocation_guard: 0.


Internal statistics:

num_allocs_failed_limit: 12.
num_arena_births: 4568.
num_arena_deaths: 0.
num_vsnodes_births: 3.
num_vsnodes_deaths: 0.
num_space_committed: 2145.
num_space_uncommitted: 0.
num_chunks_returned_to_freelist: 12.
num_chunks_taken_from_freelist: 9929.
num_chunk_merges: 12.
num_chunk_splits: 6793.
num_chunks_enlarged: 4528.
num_inconsistent_stats: 0.

CodeHeap 'non-profiled nmethods': size=259264Kb used=9586Kb max_used=9586Kb free=249678Kb
 bounds [0x00000203902d0000, 0x0000020390c30000, 0x00000203a0000000]
CodeHeap 'profiled nmethods': size=259264Kb used=24334Kb max_used=24334Kb free=234930Kb
 bounds [0x0000020380000000, 0x00000203817d0000, 0x000002038fd30000]
CodeHeap 'non-nmethods': size=5760Kb used=2253Kb max_used=2280Kb free=3506Kb
 bounds [0x000002038fd30000, 0x000002038ffa0000, 0x00000203902d0000]
CodeCache: size=524288Kb, used=36173Kb, max_used=36200Kb, free=488114Kb
 total_blobs=13395, nmethods=12438, adapters=861, full_count=0
Compilation: enabled, stopped_count=0, restarted_count=0

Compilation events (20 events):
Event: 52.176 Thread 0x00000203b00cbba0 nmethod 14718 0x0000020390c24590 code [0x0000020390c249a0, 0x0000020390c265c8]
Event: 52.176 Thread 0x00000203b00cbba0 14734       4       org.jetbrains.kotlin.protobuf.SmallSortedMap::binarySearchInArray (133 bytes)
Event: 52.177 Thread 0x00000203b00d0f20 nmethod 14770 0x00000203817af410 code [0x00000203817af960, 0x00000203817b28d0]
Event: 52.183 Thread 0x00000203b00cbba0 nmethod 14734 0x0000020390c27710 code [0x0000020390c27920, 0x0000020390c27e90]
Event: 52.183 Thread 0x00000203b00cbba0 14727       4       org.jetbrains.kotlin.protobuf.GeneratedMessageLite$ExtendableMessage::extensionsSerializedSize (8 bytes)
Event: 52.189 Thread 0x00000203b00cbba0 nmethod 14727 0x0000020390c28390 code [0x0000020390c285a0, 0x0000020390c289e8]
Event: 52.189 Thread 0x00000203b00cbba0 14617       4       org.jetbrains.kotlin.metadata.ProtoBuf$Type::<init> (7 bytes)
Event: 52.189 Thread 0x00000203b00cbba0 nmethod 14617 0x0000020390c28f10 code [0x0000020390c290a0, 0x0000020390c29150]
Event: 52.190 Thread 0x00000203b00cbba0 14619       4       org.jetbrains.kotlin.metadata.ProtoBuf$ValueParameter::getSerializedSize (171 bytes)
Event: 52.201 Thread 0x00000203b00cbba0 nmethod 14619 0x0000020390c29210 code [0x0000020390c29460, 0x0000020390c29c68]
Event: 52.201 Thread 0x00000203b00cbba0 14625       4       org.jetbrains.kotlin.protobuf.SmallSortedMap$Entry::getKey (5 bytes)
Event: 52.201 Thread 0x00000203b00cbba0 nmethod 14625 0x0000020390c2a410 code [0x0000020390c2a5a0, 0x0000020390c2a630]
Event: 52.201 Thread 0x00000203b00cbba0 14628       4       org.jetbrains.kotlin.protobuf.CodedInputStream::checkLastTagWas (13 bytes)
Event: 52.202 Thread 0x00000203b00cbba0 nmethod 14628 0x0000020390c2a710 code [0x0000020390c2a8a0, 0x0000020390c2a948]
Event: 52.202 Thread 0x00000203b00cbba0 14615       4       org.jetbrains.kotlin.protobuf.ExtensionRegistryLite$ObjectIntPair::hashCode (16 bytes)
Event: 52.202 Thread 0x00000203b00d0f20 14775       3       org.jetbrains.kotlin.com.intellij.util.keyFMap.EmptyFMap::get (10 bytes)
Event: 52.202 Thread 0x00000203b00d0f20 nmethod 14775 0x00000203817b3990 code [0x00000203817b3b40, 0x00000203817b3cb8]
Event: 52.203 Thread 0x00000203b00cbba0 nmethod 14615 0x0000020390c2aa10 code [0x0000020390c2aba0, 0x0000020390c2aca8]
Event: 52.203 Thread 0x00000203b00cbba0 14671       4       java.util.stream.AbstractPipeline::sequential (10 bytes)
Event: 52.203 Thread 0x00000203b00cbba0 nmethod 14671 0x0000020390c2ad90 code [0x0000020390c2af20, 0x0000020390c2afc8]

GC Heap History (20 events):
Event: 36.745 GC heap before
{Heap before GC invocations=53 (full 0):
 garbage-first heap   total 221184K, used 185360K [0x0000000600000000, 0x0000000800000000)
  region size 4096K, 27 young (110592K), 3 survivors (12288K)
 Metaspace       used 94266K, committed 96192K, reserved 1179648K
  class space    used 13436K, committed 14400K, reserved 1048576K
}
Event: 36.753 GC heap after
{Heap after GC invocations=54 (full 0):
 garbage-first heap   total 278528K, used 84105K [0x0000000600000000, 0x0000000800000000)
  region size 4096K, 2 young (8192K), 2 survivors (8192K)
 Metaspace       used 94266K, committed 96192K, reserved 1179648K
  class space    used 13436K, committed 14400K, reserved 1048576K
}
Event: 37.801 GC heap before
{Heap before GC invocations=55 (full 0):
 garbage-first heap   total 278528K, used 239753K [0x0000000600000000, 0x0000000800000000)
  region size 4096K, 40 young (163840K), 2 survivors (8192K)
 Metaspace       used 94316K, committed 96256K, reserved 1179648K
  class space    used 13440K, committed 14400K, reserved 1048576K
}
Event: 37.808 GC heap after
{Heap after GC invocations=56 (full 0):
 garbage-first heap   total 278528K, used 85271K [0x0000000600000000, 0x0000000800000000)
  region size 4096K, 2 young (8192K), 2 survivors (8192K)
 Metaspace       used 94316K, committed 96256K, reserved 1179648K
  class space    used 13440K, committed 14400K, reserved 1048576K
}
Event: 38.543 GC heap before
{Heap before GC invocations=56 (full 0):
 garbage-first heap   total 278528K, used 240919K [0x0000000600000000, 0x0000000800000000)
  region size 4096K, 40 young (163840K), 2 survivors (8192K)
 Metaspace       used 94358K, committed 96256K, reserved 1179648K
  class space    used 13443K, committed 14400K, reserved 1048576K
}
Event: 38.553 GC heap after
{Heap after GC invocations=57 (full 0):
 garbage-first heap   total 278528K, used 86694K [0x0000000600000000, 0x0000000800000000)
  region size 4096K, 2 young (8192K), 2 survivors (8192K)
 Metaspace       used 94358K, committed 96256K, reserved 1179648K
  class space    used 13443K, committed 14400K, reserved 1048576K
}
Event: 39.968 GC heap before
{Heap before GC invocations=57 (full 0):
 garbage-first heap   total 278528K, used 238246K [0x0000000600000000, 0x0000000800000000)
  region size 4096K, 40 young (163840K), 2 survivors (8192K)
 Metaspace       used 94463K, committed 96384K, reserved 1179648K
  class space    used 13458K, committed 14400K, reserved 1048576K
}
Event: 39.973 GC heap after
{Heap after GC invocations=58 (full 0):
 garbage-first heap   total 278528K, used 83866K [0x0000000600000000, 0x0000000800000000)
  region size 4096K, 2 young (8192K), 2 survivors (8192K)
 Metaspace       used 94463K, committed 96384K, reserved 1179648K
  class space    used 13458K, committed 14400K, reserved 1048576K
}
Event: 41.052 GC heap before
{Heap before GC invocations=58 (full 0):
 garbage-first heap   total 278528K, used 239514K [0x0000000600000000, 0x0000000800000000)
  region size 4096K, 40 young (163840K), 2 survivors (8192K)
 Metaspace       used 94464K, committed 96384K, reserved 1179648K
  class space    used 13458K, committed 14400K, reserved 1048576K
}
Event: 41.060 GC heap after
{Heap after GC invocations=59 (full 0):
 garbage-first heap   total 278528K, used 82378K [0x0000000600000000, 0x0000000800000000)
  region size 4096K, 1 young (4096K), 1 survivors (4096K)
 Metaspace       used 94464K, committed 96384K, reserved 1179648K
  class space    used 13458K, committed 14400K, reserved 1048576K
}
Event: 42.230 GC heap before
{Heap before GC invocations=59 (full 0):
 garbage-first heap   total 278528K, used 242122K [0x0000000600000000, 0x0000000800000000)
  region size 4096K, 40 young (163840K), 1 survivors (4096K)
 Metaspace       used 94487K, committed 96384K, reserved 1179648K
  class space    used 13458K, committed 14400K, reserved 1048576K
}
Event: 42.235 GC heap after
{Heap after GC invocations=60 (full 0):
 garbage-first heap   total 278528K, used 81914K [0x0000000600000000, 0x0000000800000000)
  region size 4096K, 1 young (4096K), 1 survivors (4096K)
 Metaspace       used 94487K, committed 96384K, reserved 1179648K
  class space    used 13458K, committed 14400K, reserved 1048576K
}
Event: 43.367 GC heap before
{Heap before GC invocations=60 (full 0):
 garbage-first heap   total 278528K, used 241658K [0x0000000600000000, 0x0000000800000000)
  region size 4096K, 40 young (163840K), 1 survivors (4096K)
 Metaspace       used 94490K, committed 96384K, reserved 1179648K
  class space    used 13458K, committed 14400K, reserved 1048576K
}
Event: 43.371 GC heap after
{Heap after GC invocations=61 (full 0):
 garbage-first heap   total 278528K, used 82050K [0x0000000600000000, 0x0000000800000000)
  region size 4096K, 1 young (4096K), 1 survivors (4096K)
 Metaspace       used 94490K, committed 96384K, reserved 1179648K
  class space    used 13458K, committed 14400K, reserved 1048576K
}
Event: 44.512 GC heap before
{Heap before GC invocations=61 (full 0):
 garbage-first heap   total 278528K, used 241794K [0x0000000600000000, 0x0000000800000000)
  region size 4096K, 40 young (163840K), 1 survivors (4096K)
 Metaspace       used 94495K, committed 96384K, reserved 1179648K
  class space    used 13458K, committed 14400K, reserved 1048576K
}
Event: 44.521 GC heap after
{Heap after GC invocations=62 (full 0):
 garbage-first heap   total 278528K, used 81364K [0x0000000600000000, 0x0000000800000000)
  region size 4096K, 1 young (4096K), 1 survivors (4096K)
 Metaspace       used 94495K, committed 96384K, reserved 1179648K
  class space    used 13458K, committed 14400K, reserved 1048576K
}
Event: 47.919 GC heap before
{Heap before GC invocations=62 (full 0):
 garbage-first heap   total 278528K, used 249300K [0x0000000600000000, 0x0000000800000000)
  region size 4096K, 40 young (163840K), 1 survivors (4096K)
 Metaspace       used 112945K, committed 114880K, reserved 1179648K
  class space    used 16199K, committed 17152K, reserved 1048576K
}
Event: 47.937 GC heap after
{Heap after GC invocations=63 (full 0):
 garbage-first heap   total 278528K, used 95625K [0x0000000600000000, 0x0000000800000000)
  region size 4096K, 4 young (16384K), 4 survivors (16384K)
 Metaspace       used 112945K, committed 114880K, reserved 1179648K
  class space    used 16199K, committed 17152K, reserved 1048576K
}
Event: 51.010 GC heap before
{Heap before GC invocations=63 (full 0):
 garbage-first heap   total 278528K, used 251273K [0x0000000600000000, 0x0000000800000000)
  region size 4096K, 40 young (163840K), 4 survivors (16384K)
 Metaspace       used 130530K, committed 132800K, reserved 1179648K
  class space    used 18303K, committed 19392K, reserved 1048576K
}
Event: 51.033 GC heap after
{Heap after GC invocations=64 (full 0):
 garbage-first heap   total 282624K, used 116270K [0x0000000600000000, 0x0000000800000000)
  region size 4096K, 3 young (12288K), 3 survivors (12288K)
 Metaspace       used 130530K, committed 132800K, reserved 1179648K
  class space    used 18303K, committed 19392K, reserved 1048576K
}

Dll operation events (3 events):
Event: 0.034 Loaded shared library C:\Program Files\Android\Android Studio\jbr\bin\java.dll
Event: 0.047 Loaded shared library C:\Program Files\Android\Android Studio\jbr\bin\zip.dll
Event: 1.265 Loaded shared library C:\Program Files\Android\Android Studio\jbr\bin\verify.dll

Deoptimization events (20 events):
Event: 51.915 Thread 0x00000203b1e113a0 DEOPT PACKING pc=0x00000203808d0d85 sp=0x0000006dd85f1450
Event: 51.915 Thread 0x00000203b1e113a0 DEOPT UNPACKING pc=0x000002038fd84e42 sp=0x0000006dd85f08e0 mode 0
Event: 51.929 Thread 0x00000203b1e113a0 DEOPT PACKING pc=0x00000203815b9592 sp=0x0000006dd85f1be0
Event: 51.929 Thread 0x00000203b1e113a0 DEOPT UNPACKING pc=0x000002038fd84e42 sp=0x0000006dd85f10b8 mode 0
Event: 51.931 Thread 0x00000203b1e113a0 DEOPT PACKING pc=0x00000203815b9592 sp=0x0000006dd85f1be0
Event: 51.931 Thread 0x00000203b1e113a0 DEOPT UNPACKING pc=0x000002038fd84e42 sp=0x0000006dd85f10b8 mode 0
Event: 51.953 Thread 0x00000203b1e113a0 DEOPT PACKING pc=0x00000203815b9592 sp=0x0000006dd85f1be0
Event: 51.953 Thread 0x00000203b1e113a0 DEOPT UNPACKING pc=0x000002038fd84e42 sp=0x0000006dd85f10b8 mode 0
Event: 51.957 Thread 0x00000203b1e113a0 DEOPT PACKING pc=0x00000203808d0d85 sp=0x0000006dd85f1450
Event: 51.957 Thread 0x00000203b1e113a0 DEOPT UNPACKING pc=0x000002038fd84e42 sp=0x0000006dd85f08e0 mode 0
Event: 52.024 Thread 0x00000203b1e113a0 DEOPT PACKING pc=0x00000203808d0d85 sp=0x0000006dd85f13e0
Event: 52.024 Thread 0x00000203b1e113a0 DEOPT UNPACKING pc=0x000002038fd84e42 sp=0x0000006dd85f0870 mode 0
Event: 52.048 Thread 0x00000203b1e113a0 DEOPT PACKING pc=0x00000203815b9592 sp=0x0000006dd85f1be0
Event: 52.048 Thread 0x00000203b1e113a0 DEOPT UNPACKING pc=0x000002038fd84e42 sp=0x0000006dd85f10b8 mode 0
Event: 52.058 Thread 0x00000203b1e113a0 DEOPT PACKING pc=0x00000203815b9592 sp=0x0000006dd85f1be0
Event: 52.058 Thread 0x00000203b1e113a0 DEOPT UNPACKING pc=0x000002038fd84e42 sp=0x0000006dd85f10b8 mode 0
Event: 52.063 Thread 0x00000203b1e113a0 DEOPT PACKING pc=0x00000203815b9592 sp=0x0000006dd85f1be0
Event: 52.063 Thread 0x00000203b1e113a0 DEOPT UNPACKING pc=0x000002038fd84e42 sp=0x0000006dd85f10b8 mode 0
Event: 52.067 Thread 0x00000203b1e113a0 DEOPT PACKING pc=0x00000203815b9592 sp=0x0000006dd85f1be0
Event: 52.067 Thread 0x00000203b1e113a0 DEOPT UNPACKING pc=0x000002038fd84e42 sp=0x0000006dd85f10b8 mode 0

Classes loaded (20 events):
Event: 49.995 Loading class java/text/CharacterIterator done
Event: 49.995 Loading class java/text/StringCharacterIterator done
Event: 50.056 Loading class java/io/NotSerializableException
Event: 50.056 Loading class java/io/NotSerializableException done
Event: 50.536 Loading class java/util/AbstractList$SubList
Event: 50.536 Loading class java/util/AbstractList$SubList done
Event: 50.536 Loading class java/util/AbstractList$SubList$1
Event: 50.536 Loading class java/util/AbstractList$SubList$1 done
Event: 50.536 Loading class java/util/AbstractList$ListItr
Event: 50.536 Loading class java/util/AbstractList$ListItr done
Event: 50.760 Loading class java/util/EnumMap$EntrySet
Event: 50.760 Loading class java/util/EnumMap$EntrySet done
Event: 50.760 Loading class java/util/EnumMap$EntryIterator
Event: 50.761 Loading class java/util/EnumMap$EnumMapIterator
Event: 50.761 Loading class java/util/EnumMap$EnumMapIterator done
Event: 50.761 Loading class java/util/EnumMap$EntryIterator done
Event: 50.761 Loading class java/util/EnumMap$EntryIterator$Entry
Event: 50.761 Loading class java/util/EnumMap$EntryIterator$Entry done
Event: 51.182 Loading class java/util/AbstractList$RandomAccessSubList
Event: 51.182 Loading class java/util/AbstractList$RandomAccessSubList done

Classes unloaded (0 events):
No events

Classes redefined (0 events):
No events

Internal exceptions (20 events):
Event: 47.452 Thread 0x00000203b1e113a0 Implicit null exception at 0x0000020390b14ea7 to 0x0000020390b15574
Event: 49.389 Thread 0x00000203b1e113a0 Exception <a 'java/lang/NoSuchMethodError'{0x000000060cc83070}: 'java.lang.Object java.lang.invoke.DirectMethodHandle$Holder.newInvokeSpecial(java.lang.Object, java.lang.Object, java.lang.Object, java.lang.Object, java.lang.Object, java.lang.Object, java.lang.Object, java.lang.Object, java.lang.Object, java.lang.Object, java.lang.Object, java.lang.Object, java.lang.Object, java.lang.Object)'> (0x000000060cc83070) 
thrown [s\src\hotspot\share\interpreter\linkResolver.cpp, line 784]
Event: 49.405 Thread 0x00000203b1e113a0 Exception <a 'java/lang/NoSuchMethodError'{0x000000060cda48b8}: 'java.lang.Object java.lang.invoke.DirectMethodHandle$Holder.newInvokeSpecial(java.lang.Object, java.lang.Object, java.lang.Object, java.lang.Object, java.lang.Object, java.lang.Object, java.lang.Object, java.lang.Object, java.lang.Object, java.lang.Object, java.lang.Object, java.lang.Object, java.lang.Object, java.lang.Object, java.lang.Object, java.lang.Object, java.lang.Object, java.lang.Object, java.lang.Object, java.lang.Object, java.lang
Event: 49.405 Thread 0x00000203b1e113a0 Exception <a 'java/lang/NoSuchMethodError'{0x000000060cdac5d8}: 'java.lang.Object java.lang.invoke.DelegatingMethodHandle$Holder.reinvoke_L(java.lang.Object, java.lang.Object, java.lang.Object, java.lang.Object, java.lang.Object, java.lang.Object, java.lang.Object, java.lang.Object, java.lang.Object, java.lang.Object, java.lang.Object, java.lang.Object, java.lang.Object, java.lang.Object, java.lang.Object, java.lang.Object, java.lang.Object, java.lang.Object, java.lang.Object, java.lang.Object, java.lang.O
Event: 49.428 Thread 0x00000203b1e113a0 Exception <a 'java/lang/NoSuchMethodError'{0x000000060cf903f8}: 'java.lang.Object java.lang.invoke.DirectMethodHandle$Holder.newInvokeSpecial(java.lang.Object, java.lang.Object, java.lang.Object, java.lang.Object, java.lang.Object, java.lang.Object, java.lang.Object, java.lang.Object, java.lang.Object, java.lang.Object, java.lang.Object, java.lang.Object, java.lang.Object, java.lang.Object, java.lang.Object, java.lang.Object, java.lang.Object, java.lang.Object, java.lang.Object, java.lang.Object)'> (0x0000
Event: 49.429 Thread 0x00000203b1e113a0 Exception <a 'java/lang/NoSuchMethodError'{0x000000060cf98068}: 'java.lang.Object java.lang.invoke.DirectMethodHandle$Holder.invokeSpecial(java.lang.Object, java.lang.Object, java.lang.Object, java.lang.Object, java.lang.Object, java.lang.Object, java.lang.Object, java.lang.Object, java.lang.Object, java.lang.Object, java.lang.Object, java.lang.Object, java.lang.Object, java.lang.Object, java.lang.Object, java.lang.Object, java.lang.Object, java.lang.Object, java.lang.Object, java.lang.Object, java.lang.Ob
Event: 49.430 Thread 0x00000203b1e113a0 Exception <a 'java/lang/NoSuchMethodError'{0x000000060cf9ead8}: 'java.lang.Object java.lang.invoke.DelegatingMethodHandle$Holder.reinvoke_L(java.lang.Object, java.lang.Object, java.lang.Object, java.lang.Object, java.lang.Object, java.lang.Object, java.lang.Object, java.lang.Object, java.lang.Object, java.lang.Object, java.lang.Object, java.lang.Object, java.lang.Object, java.lang.Object, java.lang.Object, java.lang.Object, java.lang.Object, java.lang.Object, java.lang.Object, java.lang.Object)'> (0x000000
Event: 49.588 Thread 0x00000203b1e113a0 Exception <a 'java/lang/NoSuchMethodError'{0x000000060c0854b0}: 'java.lang.Object java.lang.invoke.DirectMethodHandle$Holder.newInvokeSpecial(java.lang.Object, java.lang.Object, java.lang.Object, java.lang.Object, java.lang.Object, java.lang.Object, java.lang.Object, java.lang.Object, java.lang.Object, java.lang.Object, java.lang.Object, java.lang.Object, java.lang.Object, java.lang.Object, java.lang.Object, java.lang.Object, java.lang.Object, java.lang.Object)'> (0x000000060c0854b0) 
thrown [s\src\hotspot
Event: 49.588 Thread 0x00000203b1e113a0 Exception <a 'java/lang/NoSuchMethodError'{0x000000060c08ca78}: 'java.lang.Object java.lang.invoke.DirectMethodHandle$Holder.invokeSpecial(java.lang.Object, java.lang.Object, java.lang.Object, java.lang.Object, java.lang.Object, java.lang.Object, java.lang.Object, java.lang.Object, java.lang.Object, java.lang.Object, java.lang.Object, java.lang.Object, java.lang.Object, java.lang.Object, java.lang.Object, java.lang.Object, java.lang.Object, java.lang.Object, java.lang.Object)'> (0x000000060c08ca78) 
thrown
Event: 49.588 Thread 0x00000203b1e113a0 Exception <a 'java/lang/NoSuchMethodError'{0x000000060c092ea0}: 'java.lang.Object java.lang.invoke.DelegatingMethodHandle$Holder.reinvoke_L(java.lang.Object, java.lang.Object, java.lang.Object, java.lang.Object, java.lang.Object, java.lang.Object, java.lang.Object, java.lang.Object, java.lang.Object, java.lang.Object, java.lang.Object, java.lang.Object, java.lang.Object, java.lang.Object, java.lang.Object, java.lang.Object, java.lang.Object, java.lang.Object)'> (0x000000060c092ea0) 
thrown [s\src\hotspot\s
Event: 51.237 Thread 0x00000203b1e113a0 Exception <a 'java/lang/NoSuchMethodError'{0x000000060ffd4d30}: 'java.lang.Object java.lang.invoke.DirectMethodHandle$Holder.invokeSpecial(java.lang.Object, java.lang.Object, java.lang.Object, java.lang.Object, java.lang.Object, java.lang.Object, int)'> (0x000000060ffd4d30) 
thrown [s\src\hotspot\share\interpreter\linkResolver.cpp, line 784]
Event: 51.240 Thread 0x00000203b1e113a0 Exception <a 'java/lang/NoSuchMethodError'{0x000000060fff49d8}: 'java.lang.Object java.lang.invoke.DirectMethodHandle$Holder.newInvokeSpecial(java.lang.Object, java.lang.Object, java.lang.Object, java.lang.Object, java.lang.Object, java.lang.Object, java.lang.Object, int, java.lang.Object)'> (0x000000060fff49d8) 
thrown [s\src\hotspot\share\interpreter\linkResolver.cpp, line 784]
Event: 51.348 Thread 0x00000203b1e113a0 Exception <a 'java/lang/NoSuchMethodError'{0x000000060fb790d8}: 'java.lang.Object java.lang.invoke.DirectMethodHandle$Holder.invokeStatic(java.lang.Object, java.lang.Object, java.lang.Object, java.lang.Object, java.lang.Object, int, java.lang.Object)'> (0x000000060fb790d8) 
thrown [s\src\hotspot\share\interpreter\linkResolver.cpp, line 784]
Event: 51.349 Thread 0x00000203b1e113a0 Exception <a 'java/lang/NoSuchMethodError'{0x000000060fb835a0}: 'java.lang.Object java.lang.invoke.DirectMethodHandle$Holder.newInvokeSpecial(java.lang.Object, java.lang.Object, java.lang.Object, java.lang.Object, java.lang.Object, int, java.lang.Object)'> (0x000000060fb835a0) 
thrown [s\src\hotspot\share\interpreter\linkResolver.cpp, line 784]
Event: 51.349 Thread 0x00000203b1e113a0 Exception <a 'java/lang/NoSuchMethodError'{0x000000060fb89220}: 'java.lang.Object java.lang.invoke.DirectMethodHandle$Holder.invokeSpecial(java.lang.Object, java.lang.Object, java.lang.Object, java.lang.Object, java.lang.Object, java.lang.Object, int, java.lang.Object)'> (0x000000060fb89220) 
thrown [s\src\hotspot\share\interpreter\linkResolver.cpp, line 784]
Event: 51.350 Thread 0x00000203b1e113a0 Exception <a 'java/lang/NoSuchMethodError'{0x000000060fb8eaa0}: 'java.lang.Object java.lang.invoke.Invokers$Holder.linkToTargetMethod(java.lang.Object, java.lang.Object, java.lang.Object, java.lang.Object, int, java.lang.Object, java.lang.Object)'> (0x000000060fb8eaa0) 
thrown [s\src\hotspot\share\interpreter\linkResolver.cpp, line 784]
Event: 51.380 Thread 0x00000203b1e113a0 Exception <a 'java/lang/NoSuchMethodError'{0x000000060f494508}: 'java.lang.Object java.lang.invoke.DirectMethodHandle$Holder.invokeStatic(java.lang.Object, java.lang.Object, java.lang.Object, java.lang.Object, int, java.lang.Object, java.lang.Object)'> (0x000000060f494508) 
thrown [s\src\hotspot\share\interpreter\linkResolver.cpp, line 784]
Event: 52.173 Thread 0x00000203b1e113a0 Exception <a 'java/lang/NoSuchMethodError'{0x000000060c924ab0}: 'java.lang.Object java.lang.invoke.DirectMethodHandle$Holder.invokeStatic(java.lang.Object, int, java.lang.Object, java.lang.Object, java.lang.Object, java.lang.Object, java.lang.Object, java.lang.Object)'> (0x000000060c924ab0) 
thrown [s\src\hotspot\share\interpreter\linkResolver.cpp, line 784]
Event: 52.174 Thread 0x00000203b1e113a0 Exception <a 'java/lang/NoSuchMethodError'{0x000000060c930148}: 'java.lang.Object java.lang.invoke.DirectMethodHandle$Holder.newInvokeSpecial(java.lang.Object, int, java.lang.Object, java.lang.Object, java.lang.Object, java.lang.Object, java.lang.Object)'> (0x000000060c930148) 
thrown [s\src\hotspot\share\interpreter\linkResolver.cpp, line 784]
Event: 52.175 Thread 0x00000203b1e113a0 Exception <a 'java/lang/NoSuchMethodError'{0x000000060c935fc0}: 'java.lang.Object java.lang.invoke.DirectMethodHandle$Holder.invokeSpecial(java.lang.Object, java.lang.Object, int, java.lang.Object, java.lang.Object, java.lang.Object, java.lang.Object, java.lang.Object)'> (0x000000060c935fc0) 
thrown [s\src\hotspot\share\interpreter\linkResolver.cpp, line 784]

ZGC Phase Switch (0 events):
No events

VM Operations (20 events):
Event: 50.458 Executing VM operation: HandshakeAllThreads (Deoptimize)
Event: 50.459 Executing VM operation: HandshakeAllThreads (Deoptimize) done
Event: 50.496 Executing VM operation: HandshakeAllThreads (Deoptimize)
Event: 50.496 Executing VM operation: HandshakeAllThreads (Deoptimize) done
Event: 50.538 Executing VM operation: HandshakeAllThreads (Deoptimize)
Event: 50.538 Executing VM operation: HandshakeAllThreads (Deoptimize) done
Event: 50.638 Executing VM operation: HandshakeAllThreads (Deoptimize)
Event: 50.638 Executing VM operation: HandshakeAllThreads (Deoptimize) done
Event: 50.688 Executing VM operation: HandshakeAllThreads (Deoptimize)
Event: 50.688 Executing VM operation: HandshakeAllThreads (Deoptimize) done
Event: 50.901 Executing VM operation: HandshakeAllThreads (Deoptimize)
Event: 50.901 Executing VM operation: HandshakeAllThreads (Deoptimize) done
Event: 51.010 Executing VM operation: G1CollectForAllocation (G1 Evacuation Pause)
Event: 51.033 Executing VM operation: G1CollectForAllocation (G1 Evacuation Pause) done
Event: 51.579 Executing VM operation: ICBufferFull
Event: 51.579 Executing VM operation: ICBufferFull done
Event: 51.640 Executing VM operation: HandshakeAllThreads (Deoptimize)
Event: 51.640 Executing VM operation: HandshakeAllThreads (Deoptimize) done
Event: 52.075 Executing VM operation: ICBufferFull
Event: 52.075 Executing VM operation: ICBufferFull done

Memory protections (0 events):
No events

Nmethod flushes (20 events):
Event: 35.866 Thread 0x00000203b000b790 flushing  nmethod 0x0000020380c10c10
Event: 36.919 Thread 0x00000203b000b790 flushing  nmethod 0x00000203908c4a90
Event: 36.919 Thread 0x00000203b000b790 flushing  nmethod 0x00000203909d2390
Event: 36.919 Thread 0x00000203b000b790 flushing  nmethod 0x00000203805c1190
Event: 36.919 Thread 0x00000203b000b790 flushing  nmethod 0x00000203809dd390
Event: 36.919 Thread 0x00000203b000b790 flushing  nmethod 0x0000020380a4e210
Event: 36.919 Thread 0x00000203b000b790 flushing  nmethod 0x0000020380a42810
Event: 36.919 Thread 0x00000203b000b790 flushing  nmethod 0x0000020380df9490
Event: 36.919 Thread 0x00000203b000b790 flushing  nmethod 0x0000020380269890
Event: 36.919 Thread 0x00000203b000b790 flushing  nmethod 0x0000020381139890
Event: 36.919 Thread 0x00000203b000b790 flushing  nmethod 0x00000203909f4a10
Event: 36.919 Thread 0x00000203b000b790 flushing  nmethod 0x000002038071d290
Event: 36.919 Thread 0x00000203b000b790 flushing  nmethod 0x000002038114db10
Event: 36.919 Thread 0x00000203b000b790 flushing  nmethod 0x0000020381263c90
Event: 36.919 Thread 0x00000203b000b790 flushing  nmethod 0x000002038099ae90
Event: 36.919 Thread 0x00000203b000b790 flushing  nmethod 0x00000203809ccd90
Event: 36.919 Thread 0x00000203b000b790 flushing  nmethod 0x000002038120e490
Event: 36.919 Thread 0x00000203b000b790 flushing  nmethod 0x0000020380a71610
Event: 36.919 Thread 0x00000203b000b790 flushing  nmethod 0x0000020381178390
Event: 36.919 Thread 0x00000203b000b790 flushing  nmethod 0x000002038117ce10

Events (20 events):
Event: 29.113 Thread 0x00000203b1e113a0 Thread added: 0x00000203b4b39830
Event: 29.114 Thread 0x00000203b1e113a0 Thread added: 0x00000203b4b38b10
Event: 29.115 Thread 0x00000203b1e113a0 Thread added: 0x00000203b4b370d0
Event: 30.149 Thread 0x00000203b00d0f20 Thread added: 0x00000203b305f5a0
Event: 39.420 Thread 0x00000203b305f5a0 Thread exited: 0x00000203b305f5a0
Event: 40.888 Thread 0x00000203b00d0850 Thread exited: 0x00000203b00d0850
Event: 41.764 Thread 0x00000203b00d0f20 Thread added: 0x00000203b305da60
Event: 41.910 Thread 0x00000203b305da60 Thread exited: 0x00000203b305da60
Event: 43.338 Thread 0x00000203b00cbba0 Thread added: 0x00000203b305e800
Event: 43.338 Thread 0x00000203b00cbba0 Thread added: 0x00000203b305f5a0
Event: 43.697 Thread 0x00000203b305f5a0 Thread exited: 0x00000203b305f5a0
Event: 43.700 Thread 0x00000203b305e800 Thread exited: 0x00000203b305e800
Event: 47.076 Thread 0x00000203b00d0f20 Thread added: 0x00000203b305f5a0
Event: 47.222 Thread 0x00000203b305f5a0 Thread added: 0x00000203b305fc70
Event: 47.755 Thread 0x00000203b305fc70 Thread exited: 0x00000203b305fc70
Event: 47.755 Thread 0x00000203b305f5a0 Thread exited: 0x00000203b305f5a0
Event: 48.294 Thread 0x00000203b00cbba0 Thread added: 0x00000203b305f5a0
Event: 48.450 Thread 0x00000203b305f5a0 Thread exited: 0x00000203b305f5a0
Event: 49.458 Thread 0x00000203b00d0f20 Thread added: 0x00000203b305fc70
Event: 50.963 Thread 0x00000203b00d0f20 Thread added: 0x00000203b30617b0


Dynamic libraries:
0x00007ff6bccd0000 - 0x00007ff6bccda000 	C:\Program Files\Android\Android Studio\jbr\bin\java.exe
0x00007ff9c7ec0000 - 0x00007ff9c8127000 	C:\WINDOWS\SYSTEM32\ntdll.dll
0x00007ff9c6990000 - 0x00007ff9c6a59000 	C:\WINDOWS\System32\KERNEL32.DLL
0x00007ff9c4c20000 - 0x00007ff9c5017000 	C:\WINDOWS\System32\KERNELBASE.dll
0x00007ff9c2020000 - 0x00007ff9c20c0000 	C:\WINDOWS\SYSTEM32\apphelp.dll
0x00007ff9c5020000 - 0x00007ff9c516b000 	C:\WINDOWS\System32\ucrtbase.dll
0x00007ff9b8750000 - 0x00007ff9b8768000 	C:\Program Files\Android\Android Studio\jbr\bin\jli.dll
0x00007ff9c21c0000 - 0x00007ff9c21db000 	C:\Program Files\Android\Android Studio\jbr\bin\VCRUNTIME140.dll
0x00007ff9c64f0000 - 0x00007ff9c66b6000 	C:\WINDOWS\System32\USER32.dll
0x00007ff9ae3b0000 - 0x00007ff9ae642000 	C:\WINDOWS\WinSxS\amd64_microsoft.windows.common-controls_6595b64144ccf1df_6.0.26100.8457_none_3e0b2faee331e92d\COMCTL32.dll
0x00007ff9c5220000 - 0x00007ff9c5247000 	C:\WINDOWS\System32\win32u.dll
0x00007ff9c7710000 - 0x00007ff9c77b9000 	C:\WINDOWS\System32\msvcrt.dll
0x00007ff9c7da0000 - 0x00007ff9c7dcb000 	C:\WINDOWS\System32\GDI32.dll
0x00007ff9c4a40000 - 0x00007ff9c4b6c000 	C:\WINDOWS\System32\gdi32full.dll
0x00007ff9c5170000 - 0x00007ff9c5213000 	C:\WINDOWS\System32\msvcp_win.dll
0x00007ff9c6a60000 - 0x00007ff9c6a92000 	C:\WINDOWS\System32\IMM32.DLL
0x00007ff9c21b0000 - 0x00007ff9c21bc000 	C:\Program Files\Android\Android Studio\jbr\bin\vcruntime140_1.dll
0x00007ff9898f0000 - 0x00007ff98997d000 	C:\Program Files\Android\Android Studio\jbr\bin\msvcp140.dll
0x00007ff950740000 - 0x00007ff9513d6000 	C:\Program Files\Android\Android Studio\jbr\bin\server\jvm.dll
0x00007ff9c72a0000 - 0x00007ff9c7356000 	C:\WINDOWS\System32\ADVAPI32.dll
0x00007ff9c62d0000 - 0x00007ff9c6377000 	C:\WINDOWS\System32\sechost.dll
0x00007ff9c5c40000 - 0x00007ff9c5d58000 	C:\WINDOWS\System32\RPCRT4.dll
0x00007ff9c7dd0000 - 0x00007ff9c7e50000 	C:\WINDOWS\System32\WS2_32.dll
0x00007ff9c4770000 - 0x00007ff9c47ce000 	C:\WINDOWS\SYSTEM32\POWRPROF.dll
0x00007ff9be050000 - 0x00007ff9be086000 	C:\WINDOWS\SYSTEM32\WINMM.dll
0x00007ff9be920000 - 0x00007ff9be92b000 	C:\WINDOWS\SYSTEM32\VERSION.dll
0x00007ff9c4730000 - 0x00007ff9c4744000 	C:\WINDOWS\SYSTEM32\UMPDC.dll
0x00007ff9c3640000 - 0x00007ff9c365b000 	C:\WINDOWS\SYSTEM32\kernel.appcore.dll
0x00007ff9c2140000 - 0x00007ff9c214a000 	C:\Program Files\Android\Android Studio\jbr\bin\jimage.dll
0x00007ff9b81c0000 - 0x00007ff9b8402000 	C:\WINDOWS\SYSTEM32\DBGHELP.DLL
0x00007ff9c7380000 - 0x00007ff9c7703000 	C:\WINDOWS\System32\combase.dll
0x00007ff9c67e0000 - 0x00007ff9c68b9000 	C:\WINDOWS\System32\OLEAUT32.dll
0x00007ff9ae650000 - 0x00007ff9ae68b000 	C:\WINDOWS\SYSTEM32\dbgcore.DLL
0x00007ff9c4b70000 - 0x00007ff9c4c18000 	C:\WINDOWS\System32\bcryptPrimitives.dll
0x00007ff9b8d00000 - 0x00007ff9b8d0e000 	C:\Program Files\Android\Android Studio\jbr\bin\instrument.dll
0x00007ff9c0170000 - 0x00007ff9c0190000 	C:\Program Files\Android\Android Studio\jbr\bin\java.dll
0x00007ff9c00d0000 - 0x00007ff9c00e8000 	C:\Program Files\Android\Android Studio\jbr\bin\zip.dll
0x00007ff9c6aa0000 - 0x00007ff9c720e000 	C:\WINDOWS\System32\SHELL32.dll
0x00007ff9c53d0000 - 0x00007ff9c5c3c000 	C:\WINDOWS\System32\windows.storage.dll
0x00007ff9c63f0000 - 0x00007ff9c64e6000 	C:\WINDOWS\System32\SHCORE.dll
0x00007ff9c6380000 - 0x00007ff9c63e6000 	C:\WINDOWS\System32\shlwapi.dll
0x00007ff9c4810000 - 0x00007ff9c4839000 	C:\WINDOWS\SYSTEM32\profapi.dll
0x00007ff9c20f0000 - 0x00007ff9c2100000 	C:\Program Files\Android\Android Studio\jbr\bin\net.dll
0x00007ff9bdb00000 - 0x00007ff9bdc29000 	C:\WINDOWS\SYSTEM32\WINHTTP.dll
0x00007ff9c3b90000 - 0x00007ff9c3bfc000 	C:\WINDOWS\system32\mswsock.dll
0x00007ff9bf890000 - 0x00007ff9bf8a6000 	C:\Program Files\Android\Android Studio\jbr\bin\nio.dll
0x00007ff9b8e30000 - 0x00007ff9b8e40000 	C:\Program Files\Android\Android Studio\jbr\bin\verify.dll
0x00007ff9b8cb0000 - 0x00007ff9b8cd7000 	C:\Users\HP\.gradle\native\1def1411415f61bf3af743bc5b6707747c0891f09f0c88961ee8f79bc544acac\windows-amd64\native-platform.dll
0x00007ff96a130000 - 0x00007ff96a1a8000 	C:\Users\HP\.gradle\native\0.2.7\x86_64-windows-gnu\gradle-fileevents.dll
0x00007ff9c0160000 - 0x00007ff9c0169000 	C:\Program Files\Android\Android Studio\jbr\bin\management.dll
0x00007ff9bf880000 - 0x00007ff9bf88b000 	C:\Program Files\Android\Android Studio\jbr\bin\management_ext.dll
0x00007ff9c7370000 - 0x00007ff9c7378000 	C:\WINDOWS\System32\PSAPI.DLL
0x00007ff9c3080000 - 0x00007ff9c30b2000 	C:\WINDOWS\SYSTEM32\IPHLPAPI.DLL
0x00007ff9c61f0000 - 0x00007ff9c61fa000 	C:\WINDOWS\System32\NSI.dll
0x00007ff9c02a0000 - 0x00007ff9c02a9000 	C:\Program Files\Android\Android Studio\jbr\bin\extnet.dll
0x00007ff9c3f90000 - 0x00007ff9c3fab000 	C:\WINDOWS\SYSTEM32\CRYPTSP.dll
0x00007ff9c35a0000 - 0x00007ff9c35d9000 	C:\WINDOWS\system32\rsaenh.dll
0x00007ff9c3c40000 - 0x00007ff9c3c73000 	C:\WINDOWS\SYSTEM32\USERENV.dll
0x00007ff9c47e0000 - 0x00007ff9c480a000 	C:\WINDOWS\SYSTEM32\bcrypt.dll
0x00007ff9c3df0000 - 0x00007ff9c3dfc000 	C:\WINDOWS\SYSTEM32\CRYPTBASE.dll
0x00007ff9987b0000 - 0x00007ff9987b8000 	C:\WINDOWS\system32\wshunix.dll
0x00007ff9c3120000 - 0x00007ff9c3252000 	C:\WINDOWS\SYSTEM32\DNSAPI.dll
0x00007ff9af640000 - 0x00007ff9af64b000 	C:\Windows\System32\rasadhlp.dll
0x00007ff9bb660000 - 0x00007ff9bb6e6000 	C:\WINDOWS\System32\fwpuclnt.dll
0x00007ff997130000 - 0x00007ff997148000 	C:\WINDOWS\system32\napinsp.dll
0x00007ff9985e0000 - 0x00007ff9985f3000 	C:\WINDOWS\System32\winrnr.dll
0x00007ff990290000 - 0x00007ff9902b2000 	C:\WINDOWS\system32\nlansp_c.dll
0x00007ff998f70000 - 0x00007ff998f86000 	C:\WINDOWS\system32\wshbth.dll
0x00007ff9c3760000 - 0x00007ff9c3796000 	C:\WINDOWS\SYSTEM32\ntmarta.dll

JVMTI agents:
C:\Users\HP\.gradle\wrapper\dists\gradle-8.14-all\c2qonpi39x1mddn7hk5gh9iqj\gradle-8.14\lib\agents\gradle-instrumentation-agent-8.14.jar path:C:\Program Files\Android\Android Studio\jbr\bin\instrument.dll, loaded, initialized, instrumentlib options:none

dbghelp: loaded successfully - version: 4.0.5 - missing functions: none
symbol engine: initialized successfully - sym options: 0x614 - pdb path: .;C:\Program Files\Android\Android Studio\jbr\bin;C:\WINDOWS\SYSTEM32;C:\WINDOWS\WinSxS\amd64_microsoft.windows.common-controls_6595b64144ccf1df_6.0.26100.8457_none_3e0b2faee331e92d;C:\Program Files\Android\Android Studio\jbr\bin\server;C:\Users\HP\.gradle\native\1def1411415f61bf3af743bc5b6707747c0891f09f0c88961ee8f79bc544acac\windows-amd64;C:\Users\HP\.gradle\native\0.2.7\x86_64-windows-gnu

VM Arguments:
jvm_args: --add-opens=java.base/java.lang=ALL-UNNAMED --add-opens=java.base/java.lang.invoke=ALL-UNNAMED --add-opens=java.base/java.util=ALL-UNNAMED --add-opens=java.prefs/java.util.prefs=ALL-UNNAMED --add-exports=jdk.compiler/com.sun.tools.javac.api=ALL-UNNAMED --add-exports=jdk.compiler/com.sun.tools.javac.util=ALL-UNNAMED --add-opens=java.base/java.util=ALL-UNNAMED --add-opens=java.prefs/java.util.prefs=ALL-UNNAMED --add-opens=java.base/java.nio.charset=ALL-UNNAMED --add-opens=java.base/java.net=ALL-UNNAMED --add-opens=java.base/java.util.concurrent.atomic=ALL-UNNAMED --add-opens=java.xml/javax.xml.namespace=ALL-UNNAMED -XX:MaxMetaspaceSize=4G -XX:ReservedCodeCacheSize=512m -XX:+HeapDumpOnOutOfMemoryError -Xmx8G -Dfile.encoding=UTF-8 -Duser.country=SA -Duser.language=ar -Duser.variant -javaagent:C:\Users\HP\.gradle\wrapper\dists\gradle-8.14-all\c2qonpi39x1mddn7hk5gh9iqj\gradle-8.14\lib\agents\gradle-instrumentation-agent-8.14.jar 
java_command: org.gradle.launcher.daemon.bootstrap.GradleDaemon 8.14
java_class_path (initial): C:\Users\HP\.gradle\wrapper\dists\gradle-8.14-all\c2qonpi39x1mddn7hk5gh9iqj\gradle-8.14\lib\gradle-daemon-main-8.14.jar
Launcher Type: SUN_STANDARD

[Global flags]
     intx CICompilerCount                          = 4                                         {product} {ergonomic}
     uint ConcGCThreads                            = 2                                         {product} {ergonomic}
     uint G1ConcRefinementThreads                  = 8                                         {product} {ergonomic}
   size_t G1HeapRegionSize                         = 4194304                                   {product} {ergonomic}
    uintx GCDrainStackTargetSize                   = 64                                        {product} {ergonomic}
     bool HeapDumpOnOutOfMemoryError               = true                                   {manageable} {command line}
   size_t InitialHeapSize                          = 100663296                                 {product} {ergonomic}
   size_t MarkStackSize                            = 4194304                                   {product} {ergonomic}
   size_t MaxHeapSize                              = 8589934592                                {product} {command line}
   size_t MaxMetaspaceSize                         = 4294967296                                {product} {command line}
   size_t MaxNewSize                               = 5150605312                                {product} {ergonomic}
   size_t MinHeapDeltaBytes                        = 4194304                                   {product} {ergonomic}
   size_t MinHeapSize                              = 8388608                                   {product} {ergonomic}
    uintx NonNMethodCodeHeapSize                   = 5839372                                {pd product} {ergonomic}
    uintx NonProfiledCodeHeapSize                  = 265515770                              {pd product} {ergonomic}
    uintx ProfiledCodeHeapSize                     = 265515770                              {pd product} {ergonomic}
    uintx ReservedCodeCacheSize                    = 536870912                              {pd product} {command line}
     bool SegmentedCodeCache                       = true                                      {product} {ergonomic}
   size_t SoftMaxHeapSize                          = 8589934592                             {manageable} {ergonomic}
     bool UseCompressedOops                        = true                           {product lp64_product} {ergonomic}
     bool UseG1GC                                  = true                                      {product} {ergonomic}
     bool UseLargePagesIndividualAllocation        = false                                  {pd product} {ergonomic}

Logging:
Log output configuration:
 #0: stdout all=warning uptime,level,tags foldmultilines=false
 #1: stderr all=off uptime,level,tags foldmultilines=false

Environment Variables:
JAVA_HOME=C:\Program Files\Android\Android Studio\jbr
CLASSPATH=C:\Users\HP\StudioProjects\Assignment4_Firebase\android\\gradle\wrapper\gradle-wrapper.jar
PATH=C:\Program Files\Android\Android Studio\jbr\bin;D:\XAMPP\php;C:\Program Files\Common Files\Oracle\Java\javapath;C:\WINDOWS\system32;C:\WINDOWS;C:\WINDOWS\System32\Wbem;C:\WINDOWS\System32\WindowsPowerShell\v1.0\;C:\WINDOWS\System32\OpenSSH\;C:\Program Files\Java\jdk-25\bin;C:\Program Files\Java\jre1.8.0_471\bin;C:\flutter\bin;C:\Program Files\Git\cmd;e:\cursor\resources\app\codeBin;C:\Users\HP\AppData\Local\Programs\Python\Python313\Scripts\;C:\Users\HP\AppData\Local\Programs\Python\Python313\;C:\Users\HP\AppData\Local\Microsoft\WindowsApps;C:\Program Files\JetBrains\PyCharm 2024.3.1\bin;C:\Program Files\JetBrains\PyCharm Community Edition 2024.3.1\bin;C:\Users\HP\AppData\Local\PowerToys\DSCModules\;E:\cursor\resources\app\bin;C:\flutter\bin\mingit\cmd
USERNAME=HP
OS=Windows_NT
PROCESSOR_IDENTIFIER=AMD64 Family 23 Model 24 Stepping 1, AuthenticAMD
TMP=C:\Users\HP\AppData\Local\Temp
TEMP=C:\Users\HP\AppData\Local\Temp




Periodic native trim disabled

JNI global refs:
JNI global refs: 32, weak refs: 0

JNI global refs memory usage: 835, weak refs: 833

Process memory usage:
Resident Set Size: 641400K (10% of 6202916K total physical memory with 908592K free physical memory)

OOME stack traces (most recent first):
Classloader memory used:
Loader org.gradle.internal.classloader.VisitableURLClassLoader                         : 82322K
Loader bootstrap                                                                       : 32509K
Loader org.gradle.initialization.MixInLegacyTypesClassLoader                           : 12616K
Loader org.gradle.internal.classloader.VisitableURLClassLoader$InstrumentingVisitableURLClassLoader: 6221K
Loader jdk.internal.loader.ClassLoaders$PlatformClassLoader                            : 821K
Loader jdk.internal.jrtfs.JrtFileSystemProvider$JrtFsLoader                            : 332K
Loader jdk.internal.loader.ClassLoaders$AppClassLoader                                 : 235K
Loader jdk.internal.reflect.DelegatingClassLoader                                      : 135K
Loader org.gradle.internal.classloader.VisitableURLClassLoader                         : 94136B

Classes loaded by more than one classloader:
Class Program                                                                         : loaded 4 times (x 72B)
Class jdk.internal.jimage.BasicImageReader                                            : loaded 2 times (x 95B)
Class org.gradle.internal.classloader.ClassLoaderHierarchy                            : loaded 2 times (x 70B)
Class org.gradle.api.internal.classpath.ManifestUtil                                  : loaded 2 times (x 71B)
Class jdk.internal.jimage.decompressor.StringSharingDecompressorFactory               : loaded 2 times (x 74B)
Class org.gradle.internal.classloader.DefaultClassLoaderFactory                       : loaded 2 times (x 82B)
Class org.gradle.internal.classloader.ClassLoaderVisitor                              : loaded 2 times (x 76B)
Class org.gradle.api.internal.classpath.EffectiveClassPath                            : loaded 2 times (x 90B)
Class org.gradle.api.internal.DefaultClassPathProvider                                : loaded 2 times (x 76B)
Class [Lorg.gradle.api.internal.ClassPathProvider;                                    : loaded 2 times (x 69B)
Class org.gradle.api.internal.ClassPathProvider                                       : loaded 2 times (x 70B)
Class jdk.internal.jrtfs.SystemImage                                                  : loaded 2 times (x 74B)
Class org.gradle.internal.service.UnknownServiceException                             : loaded 2 times (x 83B)
Class org.gradle.internal.classpath.TransformedClassPath                              : loaded 2 times (x 96B)
Class org.gradle.internal.classloader.InstrumentingClassLoader                        : loaded 2 times (x 70B)
Class jdk.internal.jrtfs.SystemImage$1                                                : loaded 2 times (x 78B)
Class jdk.internal.jrtfs.SystemImage$2                                                : loaded 2 times (x 76B)
Class org.jetbrains.kotlin.utils.CollectionsKt                                        : loaded 2 times (x 71B)
Class org.gradle.internal.service.ServiceLocator                                      : loaded 2 times (x 70B)
Class jdk.internal.jrtfs.JrtFileSystemProvider                                        : loaded 2 times (x 101B)
Class jdk.internal.jimage.ImageLocation                                               : loaded 2 times (x 90B)
Class jdk.internal.jrtfs.JrtDirectoryStream$1                                         : loaded 2 times (x 83B)
Class org.gradle.internal.InternalTransformer                                         : loaded 2 times (x 70B)
Class jdk.internal.jimage.ImageBufferCache$1                                          : loaded 2 times (x 83B)
Class org.gradle.internal.classloader.ClasspathUtil$1                                 : loaded 2 times (x 76B)
Class jdk.internal.jimage.ImageBufferCache$2                                          : loaded 2 times (x 91B)
Class org.gradle.api.internal.classpath.DefaultModuleRegistry$DefaultModule           : loaded 2 times (x 86B)
Class org.gradle.api.internal.classpath.Module                                        : loaded 2 times (x 70B)
Class org.gradle.api.internal.classpath.UnknownModuleException                        : loaded 2 times (x 82B)
Class jdk.internal.jimage.ImageHeader                                                 : loaded 2 times (x 71B)
Class org.gradle.api.internal.DefaultClassPathRegistry                                : loaded 2 times (x 76B)
Class org.gradle.api.internal.ClassPathRegistry                                       : loaded 2 times (x 70B)
Class org.gradle.internal.classpath.DefaultClassPath$ImmutableUniqueList              : loaded 2 times (x 199B)
Class jdk.internal.jimage.decompressor.ResourceDecompressor                           : loaded 2 times (x 70B)
Class org.gradle.internal.classloader.FilteringClassLoader                            : loaded 2 times (x 105B)
Class Settings_gradle$1                                                               : loaded 2 times (x 74B)
Class org.gradle.internal.classpath.ClassPath                                         : loaded 2 times (x 70B)
Class org.gradle.api.UncheckedIOException                                             : loaded 2 times (x 82B)
Class org.jetbrains.kotlin.cli.common.arguments.Freezable                             : loaded 2 times (x 72B)
Class jdk.internal.jimage.ImageStringsReader                                          : loaded 2 times (x 80B)
Class jdk.internal.jimage.ImageReader                                                 : loaded 2 times (x 75B)
Class jdk.internal.jimage.ImageReader$SharedImageReader                               : loaded 2 times (x 95B)
Class org.gradle.internal.installation.GradleInstallation$1                           : loaded 2 times (x 75B)
Class org.gradle.api.internal.classpath.ModuleRegistry                                : loaded 2 times (x 70B)
Class jdk.internal.jimage.decompressor.ResourceDecompressorFactory                    : loaded 2 times (x 74B)
Class jdk.internal.jimage.ImageReader$Node                                            : loaded 2 times (x 84B)
Class org.gradle.api.internal.classpath.DefaultModuleRegistry                         : loaded 2 times (x 86B)
Class jdk.internal.jimage.BasicImageReader$1                                          : loaded 2 times (x 77B)
Class jdk.internal.jimage.decompressor.Decompressor                                   : loaded 2 times (x 72B)
Class jdk.internal.jimage.ImageReader$Resource                                        : loaded 2 times (x 84B)
Class org.gradle.internal.service.ServiceLookupException                              : loaded 2 times (x 82B)
Class jdk.internal.jrtfs.JrtFileAttributes                                            : loaded 2 times (x 83B)
Class org.gradle.internal.classloader.ClassLoaderFactory                              : loaded 2 times (x 70B)
Class org.gradle.internal.service.CachingServiceLocator                               : loaded 2 times (x 82B)
Class jdk.internal.jimage.ImageBufferCache                                            : loaded 2 times (x 71B)
Class jdk.internal.jrtfs.JrtPath                                                      : loaded 2 times (x 118B)
Class org.gradle.internal.classloader.ClasspathUtil                                   : loaded 2 times (x 71B)
Class org.gradle.api.specs.Spec                                                       : loaded 2 times (x 70B)
Class jdk.internal.jimage.ImageReader$SharedImageReader$LocationVisitor               : loaded 2 times (x 70B)
Class jdk.internal.jimage.decompressor.ResourceDecompressorRepository                 : loaded 2 times (x 71B)
Class Build_gradle$1                                                                  : loaded 2 times (x 78B)
Class jdk.internal.jimage.ImageReader$Directory                                       : loaded 2 times (x 84B)
Class org.gradle.internal.classloader.VisitableURLClassLoader$InstrumentingVisitableURLClassLoader: loaded 2 times (x 123B)
Class org.gradle.internal.classloader.VisitableURLClassLoader$Spec                    : loaded 2 times (x 74B)
Class org.gradle.internal.classpath.DefaultClassPath                                  : loaded 2 times (x 90B)
Class jdk.internal.jimage.decompressor.ZipDecompressorFactory                         : loaded 2 times (x 74B)
Class org.gradle.internal.classloader.ClassLoaderSpec                                 : loaded 2 times (x 71B)
Class Settings_gradle$1$1                                                             : loaded 2 times (x 74B)
Class org.gradle.internal.classloader.VisitableURLClassLoader                         : loaded 2 times (x 117B)
Class Settings_gradle                                                                 : loaded 2 times (x 128B)
Class org.gradle.internal.Cast                                                        : loaded 2 times (x 71B)
Class org.gradle.api.Action                                                           : loaded 2 times (x 70B)
Class jdk.internal.jimage.decompressor.ZipDecompressor                                : loaded 2 times (x 75B)
Class org.gradle.internal.classpath.DefaultClassPath$ImmutableUniqueList$Builder      : loaded 2 times (x 75B)
Class org.jetbrains.kotlin.cli.common.arguments.K2JVMCompilerArguments                : loaded 2 times (x 81B)
Class org.gradle.api.GradleException                                                  : loaded 2 times (x 82B)
Class jdk.internal.jimage.ImageStrings                                                : loaded 2 times (x 70B)
Class org.jetbrains.kotlin.cli.common.arguments.CommonCompilerArguments               : loaded 2 times (x 80B)
Class org.gradle.internal.IoActions                                                   : loaded 2 times (x 71B)
Class org.gradle.internal.classloader.SystemClassLoaderSpec                           : loaded 2 times (x 71B)
Class jdk.internal.jrtfs.JrtFileSystem                                                : loaded 2 times (x 102B)
Class jdk.internal.jimage.decompressor.CompressedResourceHeader                       : loaded 2 times (x 71B)
Class org.jetbrains.kotlin.cli.common.arguments.CommonToolArguments                   : loaded 2 times (x 73B)
Class org.gradle.api.internal.classpath.GlobalCacheRootsProvider                      : loaded 2 times (x 70B)
Class Build_gradle                                                                    : loaded 2 times (x 130B)
Class org.gradle.internal.installation.CurrentGradleInstallationLocator               : loaded 2 times (x 71B)
Class org.gradle.internal.service.DefaultServiceLocator                               : loaded 2 times (x 83B)
Class jdk.internal.jrtfs.JrtDirectoryStream                                           : loaded 2 times (x 89B)
Class org.jetbrains.kotlin.util.capitalizeDecapitalize.CapitalizeDecapitalizeKt       : loaded 2 times (x 71B)
Class org.gradle.internal.installation.CurrentGradleInstallation                      : loaded 2 times (x 73B)
Class org.gradle.util.internal.GUtil                                                  : loaded 2 times (x 71B)
Class org.gradle.internal.installation.GradleInstallation                             : loaded 2 times (x 75B)
Class jdk.internal.jimage.decompressor.ResourceDecompressor$StringsProvider           : loaded 2 times (x 70B)

---------------  S Y S T E M  ---------------

OS:
 Windows 11 , 64 bit Build 26100 (10.0.26100.8328)
OS uptime: 0 days 12:34 hours
Hyper-V role detected

CPU: total 8 (initial active 8) (8 cores per cpu, 2 threads per core) family 23 model 24 stepping 1 microcode 0x8108109, cx8, cmov, fxsr, ht, mmx, 3dnowpref, sse, sse2, sse3, ssse3, sse4a, sse4.1, sse4.2, popcnt, lzcnt, tsc, tscinvbit, avx, avx2, aes, clmul, bmi1, bmi2, adx, sha, fma, vzeroupper, clflush, clflushopt, hv, rdtscp, f16c
Processor Information for processor 0
  Max Mhz: 2100, Current Mhz: 2100, Mhz Limit: 2100
Processor Information for processor 1
  Max Mhz: 2100, Current Mhz: 2100, Mhz Limit: 2100
Processor Information for processor 2
  Max Mhz: 2100, Current Mhz: 2100, Mhz Limit: 2100
Processor Information for processor 3
  Max Mhz: 2100, Current Mhz: 2100, Mhz Limit: 2100
Processor Information for processor 4
  Max Mhz: 2100, Current Mhz: 2100, Mhz Limit: 2100
Processor Information for processor 5
  Max Mhz: 2100, Current Mhz: 2100, Mhz Limit: 2100
Processor Information for processor 6
  Max Mhz: 2100, Current Mhz: 1400, Mhz Limit: 2100
Processor Information for processor 7
  Max Mhz: 2100, Current Mhz: 1400, Mhz Limit: 2100

Memory: 4k page, system-wide physical 6057M (887M free)
TotalPageFile size 11693M (AvailPageFile size 5M)
current process WorkingSet (physical memory assigned to process): 627M, peak: 628M
current process commit charge ("private bytes"): 662M, peak: 663M

vm_info: OpenJDK 64-Bit Server VM (21.0.8+-14196175-b1038.72) for windows-amd64 JRE (21.0.8+-14196175-b1038.72), built on 2025-10-01T10:24:33Z by "builder" with MS VC++ 16.10 / 16.11 (VS2019)

END.
